runid: 21342424
CPUs available: 56
Disorder: (0.0005, 30)
Disorder size: 30
Unoptimised score: 23.59441606503711
(28_w,56)-aCMA-ES (mu_w=15.5,w_1=12%) in dimension 8 (seed=259557, Fri Mar 28 13:09:28 2025)
Iterat Nfevals  function value    axis ratio maxstd  minstd
Iterat #Fevals   function value  axis ratio  sigma  min&max std  t[m:s]
    1     56 2.254623779104604e+01 1.0e+00 4.85e-01  4e-01  5e-01 10:27.2
    2    112 2.205726636789091e+01 1.2e+00 4.33e-01  4e-01  4e-01 20:56.2
    3    168 2.160917319953132e+01 1.3e+00 3.91e-01  3e-01  4e-01 31:22.4
    4    224 2.200772333419803e+01 1.3e+00 4.28e-01  3e-01  5e-01 41:48.5
    5    280 2.225987152987389e+01 1.7e+00 3.41e-01  2e-01  3e-01 52:18.0
    6    336 2.226261217590190e+01 1.8e+00 3.53e-01  2e-01  4e-01 62:45.8
    7    392 2.187054843393505e+01 1.9e+00 3.99e-01  2e-01  4e-01 73:17.6
    8    448 2.191895863537173e+01 2.1e+00 3.61e-01  2e-01  3e-01 83:49.8
    9    504 2.187150367711108e+01 2.1e+00 3.83e-01  2e-01  4e-01 94:17.0
   10    560 2.198269960580501e+01 2.1e+00 3.39e-01  2e-01  3e-01 104:43.4
   11    616 2.187036632064963e+01 2.0e+00 3.46e-01  2e-01  3e-01 115:11.1
   12    672 2.167846727549602e+01 2.2e+00 3.78e-01  2e-01  3e-01 125:39.9
   13    728 2.176197157069653e+01 2.2e+00 3.80e-01  2e-01  2e-01 136:13.3
   14    784 2.177442428504967e+01 2.2e+00 3.60e-01  2e-01  2e-01 146:42.8
   15    840 2.168027954895666e+01 2.1e+00 3.74e-01  2e-01  2e-01 157:11.9
   16    896 2.158329240068787e+01 2.2e+00 3.58e-01  1e-01  2e-01 167:40.5
   17    952 2.160761230339503e+01 2.3e+00 3.75e-01  1e-01  2e-01 178:13.5
   18   1008 2.156984592780480e+01 2.5e+00 3.62e-01  1e-01  2e-01 188:40.7
   19   1064 2.160859663793913e+01 2.7e+00 3.58e-01  1e-01  2e-01 199:10.3
   20   1120 2.160247912736073e+01 2.8e+00 3.11e-01  1e-01  2e-01 209:40.2
   21   1176 2.158542403831555e+01 2.7e+00 2.92e-01  1e-01  2e-01 220:14.1
   22   1232 2.147223723609305e+01 2.7e+00 2.82e-01  9e-02  2e-01 230:45.0
   23   1288 2.149815798055379e+01 3.1e+00 2.72e-01  8e-02  1e-01 241:13.1
   24   1344 2.132061716059188e+01 3.2e+00 3.01e-01  9e-02  2e-01 251:41.2
   25   1400 2.139955354303206e+01 3.0e+00 2.64e-01  7e-02  1e-01 262:10.9
   26   1456 2.141542270244683e+01 3.1e+00 2.53e-01  7e-02  1e-01 272:44.3
   27   1512 2.148788820301649e+01 3.2e+00 2.47e-01  6e-02  1e-01 283:14.6
   28   1568 2.136348373669546e+01 3.4e+00 2.82e-01  6e-02  1e-01 293:47.6
   29   1624 2.129118563712722e+01 3.9e+00 2.94e-01  6e-02  1e-01 304:19.1
   30   1680 2.128445063928389e+01 3.7e+00 3.08e-01  6e-02  1e-01 314:51.4
   31   1736 2.136511333150527e+01 4.3e+00 3.25e-01  6e-02  1e-01 325:21.5
   32   1792 2.132894765609418e+01 4.0e+00 2.95e-01  5e-02  1e-01 335:52.0
   33   1848 2.133028760654487e+01 3.7e+00 2.96e-01  5e-02  1e-01 346:25.9
   34   1904 2.139004404996239e+01 3.8e+00 2.88e-01  4e-02  1e-01 356:54.9
   35   1960 2.129243742218053e+01 3.9e+00 3.01e-01  4e-02  1e-01 367:24.7
   36   2016 2.131160365446069e+01 4.0e+00 2.76e-01  4e-02  1e-01 377:56.5
   37   2072 2.126148593636602e+01 4.4e+00 2.93e-01  3e-02  1e-01 388:28.7
   38   2128 2.122655049258656e+01 5.0e+00 3.03e-01  3e-02  1e-01 398:56.2
   39   2184 2.122059002838618e+01 5.5e+00 2.89e-01  3e-02  1e-01 409:25.8
   40   2240 2.123273675069288e+01 5.7e+00 2.94e-01  3e-02  1e-01 419:57.4
   41   2296 2.124049342723373e+01 6.5e+00 2.71e-01  3e-02  1e-01 430:27.4
   42   2352 2.120482298464136e+01 6.4e+00 2.91e-01  3e-02  1e-01 440:58.3
   43   2408 2.120705791692767e+01 7.0e+00 2.94e-01  2e-02  1e-01 451:28.6
   44   2464 2.117286932173670e+01 7.6e+00 3.17e-01  2e-02  1e-01 461:54.6
   45   2520 2.120117927410330e+01 8.6e+00 3.07e-01  2e-02  1e-01 472:28.8
   46   2576 2.113762977143245e+01 1.0e+01 3.06e-01  2e-02  1e-01 482:58.7
   47   2632 2.114791687183819e+01 1.1e+01 3.35e-01  2e-02  2e-01 493:27.1
   48   2688 2.111603640723330e+01 1.3e+01 3.32e-01  2e-02  2e-01 503:58.9
   49   2744 2.117548164788820e+01 1.3e+01 2.92e-01  2e-02  1e-01 514:30.1
   50   2800 2.114930497265840e+01 1.3e+01 2.56e-01  2e-02  1e-01 524:59.7
   51   2856 2.116933422671215e+01 1.3e+01 2.58e-01  2e-02  9e-02 535:27.7
   52   2912 2.111161435985493e+01 1.3e+01 2.44e-01  1e-02  9e-02 545:55.2
   53   2968 2.114045550851240e+01 1.3e+01 2.43e-01  1e-02  8e-02 556:24.0
   54   3024 2.111898526946031e+01 1.3e+01 2.56e-01  1e-02  9e-02 566:54.7
   55   3080 2.108401750113570e+01 1.5e+01 2.93e-01  2e-02  1e-01 577:23.8
   56   3136 2.111334888069159e+01 1.6e+01 3.03e-01  1e-02  1e-01 587:51.3
   57   3192 2.113861524213146e+01 1.5e+01 2.98e-01  1e-02  1e-01 598:19.1
   58   3248 2.112171398829111e+01 1.5e+01 2.66e-01  1e-02  9e-02 608:50.9
   59   3304 2.111194817243990e+01 1.6e+01 2.69e-01  1e-02  9e-02 619:17.3
   60   3360 2.107730699006542e+01 1.6e+01 2.74e-01  1e-02  9e-02 629:43.9
   61   3416 2.107176062043447e+01 1.7e+01 2.45e-01  9e-03  7e-02 640:09.9
   62   3472 2.109408996854020e+01 1.7e+01 2.60e-01  9e-03  8e-02 650:40.0
   63   3528 2.109324543861486e+01 1.9e+01 2.32e-01  7e-03  7e-02 661:08.6
   64   3584 2.108175229077908e+01 2.0e+01 2.26e-01  7e-03  7e-02 671:40.9
   65   3640 2.107114658499481e+01 2.0e+01 2.27e-01  6e-03  7e-02 682:09.8
   66   3696 2.109230397008331e+01 2.1e+01 2.30e-01  6e-03  7e-02 692:39.0
   67   3752 2.107397425582470e+01 2.1e+01 2.26e-01  5e-03  6e-02 703:08.5
   68   3808 2.107498630798756e+01 2.0e+01 2.20e-01  5e-03  6e-02 713:37.7
   69   3864 2.105858981088757e+01 1.9e+01 2.20e-01  5e-03  5e-02 724:06.5
   70   3920 2.106094390055589e+01 1.9e+01 2.52e-01  5e-03  6e-02 734:35.2
   71   3976 2.105189685084571e+01 1.9e+01 2.50e-01  5e-03  6e-02 745:03.8
   72   4032 2.105366926299482e+01 1.8e+01 2.56e-01  5e-03  5e-02 755:34.7
   73   4088 2.105897881002049e+01 1.8e+01 2.41e-01  4e-03  4e-02 766:01.7
   74   4144 2.105516120554977e+01 1.7e+01 2.08e-01  3e-03  3e-02 776:32.6
   75   4200 2.104675347506664e+01 1.8e+01 1.89e-01  3e-03  3e-02 787:01.3
   76   4256 2.104797033136737e+01 1.8e+01 2.11e-01  3e-03  3e-02 797:27.6
   77   4312 2.104746620337000e+01 1.8e+01 1.98e-01  3e-03  3e-02 807:54.9
   78   4368 2.104328568916079e+01 1.7e+01 1.89e-01  2e-03  2e-02 818:23.8
   79   4424 2.104832495308754e+01 1.9e+01 1.62e-01  2e-03  2e-02 828:54.9
   80   4480 2.103889310549739e+01 2.0e+01 1.75e-01  2e-03  2e-02 839:26.7
   81   4536 2.104410880225284e+01 2.1e+01 1.58e-01  2e-03  2e-02 849:57.6
   82   4592 2.103857718121822e+01 2.1e+01 1.65e-01  2e-03  2e-02 860:30.8
   83   4648 2.103953470731344e+01 2.5e+01 1.49e-01  2e-03  2e-02 871:00.9
   84   4704 2.104044754636111e+01 2.7e+01 1.46e-01  1e-03  1e-02 881:35.1
   85   4760 2.103800172038126e+01 2.7e+01 1.28e-01  1e-03  1e-02 892:09.2
   86   4816 2.103751932585084e+01 2.8e+01 1.22e-01  1e-03  1e-02 902:38.1
   87   4872 2.103671300376696e+01 2.6e+01 1.37e-01  1e-03  9e-03 913:09.8
   88   4928 2.103665263626165e+01 2.3e+01 1.52e-01  1e-03  1e-02 923:37.9
   89   4984 2.103688791368944e+01 2.3e+01 1.34e-01  1e-03  8e-03 934:08.4
   90   5040 2.103718061608719e+01 2.4e+01 1.24e-01  1e-03  7e-03 944:37.4
   91   5096 2.103621699171076e+01 2.2e+01 1.31e-01  9e-04  6e-03 955:09.9
   92   5152 2.103614119511047e+01 2.1e+01 1.22e-01  9e-04  5e-03 965:37.3
   93   5208 2.103570003932381e+01 2.1e+01 1.08e-01  7e-04  4e-03 976:08.9
   94   5264 2.103599192681887e+01 2.0e+01 9.63e-02  6e-04  4e-03 986:38.7
   95   5320 2.103562677753093e+01 2.2e+01 9.96e-02  6e-04  3e-03 997:07.3
   96   5376 2.103553397357338e+01 2.2e+01 9.86e-02  5e-04  3e-03 1007:35.9
   97   5432 2.103558927309619e+01 2.2e+01 8.42e-02  4e-04  2e-03 1018:09.0
   98   5488 2.103537787551515e+01 2.4e+01 8.15e-02  4e-04  2e-03 1028:39.5
   99   5544 2.103538171422018e+01 2.4e+01 8.01e-02  4e-04  2e-03 1039:11.4
  100   5600 2.103520320094371e+01 2.3e+01 7.96e-02  4e-04  2e-03 1049:37.5
  101   5656 2.103519831048098e+01 2.5e+01 7.94e-02  4e-04  2e-03 1060:04.9
  102   5712 2.103526125419326e+01 2.8e+01 7.01e-02  3e-04  1e-03 1070:33.0
  103   5768 2.103512261394724e+01 3.0e+01 6.77e-02  3e-04  1e-03 1081:01.0
  104   5824 2.103501156619745e+01 3.0e+01 7.20e-02  3e-04  1e-03 1091:32.0
  105   5880 2.103503070340217e+01 3.1e+01 6.50e-02  3e-04  1e-03 1102:00.3
  106   5936 2.103495272427362e+01 3.4e+01 6.50e-02  3e-04  1e-03 1112:26.4
  107   5992 2.103496430116184e+01 4.1e+01 6.16e-02  3e-04  9e-04 1122:56.3
  108   6048 2.103496076326729e+01 4.4e+01 5.59e-02  2e-04  8e-04 1133:26.6
  109   6104 2.103489551802978e+01 4.5e+01 5.94e-02  2e-04  8e-04 1143:51.9
  110   6160 2.103495920629176e+01 4.6e+01 5.99e-02  2e-04  8e-04 1154:18.6
  111   6216 2.103493699877255e+01 4.9e+01 5.09e-02  2e-04  6e-04 1164:47.6
  112   6272 2.103490709896401e+01 5.3e+01 4.39e-02  2e-04  5e-04 1175:13.2
  113   6328 2.103487853553533e+01 5.5e+01 4.77e-02  2e-04  5e-04 1185:43.5
  114   6384 2.103488842053510e+01 5.4e+01 4.84e-02  2e-04  5e-04 1196:11.0
  115   6440 2.103488084606970e+01 5.7e+01 4.65e-02  1e-04  5e-04 1206:40.8
  116   6496 2.103487746878661e+01 6.5e+01 4.23e-02  1e-04  4e-04 1217:07.8
  117   6552 2.103487125294339e+01 7.1e+01 4.18e-02  1e-04  4e-04 1227:37.5
  118   6608 2.103485962171223e+01 7.3e+01 4.12e-02  1e-04  4e-04 1238:05.6
  119   6664 2.103486898130081e+01 7.7e+01 3.83e-02  9e-05  3e-04 1248:32.8
  120   6720 2.103485874736675e+01 8.4e+01 3.81e-02  9e-05  3e-04 1259:00.1
  121   6776 2.103485618622799e+01 9.0e+01 3.20e-02  7e-05  3e-04 1269:29.7
  122   6832 2.103486038730773e+01 9.6e+01 3.08e-02  6e-05  2e-04 1279:56.8
  123   6888 2.103485286854458e+01 1.0e+02 3.11e-02  6e-05  2e-04 1290:27.0
  124   6944 2.103485317268284e+01 1.1e+02 3.02e-02  6e-05  2e-04 1301:00.5
  125   7000 2.103485311791957e+01 1.2e+02 2.89e-02  6e-05  2e-04 1311:28.5
  126   7056 2.103485114138170e+01 1.3e+02 2.88e-02  5e-05  2e-04 1322:01.5
  127   7112 2.103485204404752e+01 1.3e+02 2.68e-02  5e-05  2e-04 1332:29.7
  128   7168 2.103485068363889e+01 1.4e+02 2.33e-02  4e-05  1e-04 1342:58.1
  129   7224 2.103485072783432e+01 1.6e+02 2.20e-02  4e-05  1e-04 1353:25.8
  130   7280 2.103484926036980e+01 1.7e+02 1.99e-02  3e-05  1e-04 1363:52.5
  131   7336 2.103484880601070e+01 1.9e+02 1.78e-02  3e-05  9e-05 1374:24.2
  132   7392 2.103484916361093e+01 2.0e+02 1.76e-02  2e-05  9e-05 1384:51.4
  133   7448 2.103484898362083e+01 2.2e+02 1.59e-02  2e-05  8e-05 1395:23.2
  134   7504 2.103484857324178e+01 2.4e+02 1.63e-02  2e-05  7e-05 1405:49.5
  135   7560 2.103484899071550e+01 2.5e+02 1.32e-02  1e-05  6e-05 1416:19.6
  136   7616 2.103484841142550e+01 2.7e+02 1.38e-02  2e-05  6e-05 1426:51.6
  137   7672 2.103484848335627e+01 2.9e+02 1.29e-02  1e-05  5e-05 1437:24.3
  138   7728 2.103484865796300e+01 3.2e+02 1.29e-02  1e-05  5e-05 1447:53.5
termination on timeout=86400
final/bestever f-value = 2.103485e+01 2.103485e+01 after 7728/7574 evaluations
incumbent solution: [0.24368986010926758, -1.254265522825655, -0.2449871786825866, -0.428908496996498, 0.4296919835690253, -0.4258349130982516, 0.4354780503532144, -0.7433165108551065]
std deviation: [3.9294924991510227e-05, 1.3914648853956266e-05, 4.7469427879824503e-05, 1.7633271947626448e-05, 3.418844984871828e-05, 4.81549177041924e-05, 4.13231747940035e-05, 4.2103235457703444e-05]
