CPUs available: 56
Disorder size: None
Unoptimised score: 24.09023936898891
(28_w,56)-aCMA-ES (mu_w=15.5,w_1=12%) in dimension 8 (seed=648028, Thu Mar 20 18:26:41 2025)
Iterat Nfevals  function value    axis ratio maxstd  minstd
Iterat #Fevals   function value  axis ratio  sigma  min&max std  t[m:s]
    1     56 2.318425977486982e+01 1.0e+00 4.84e-01  4e-01  5e-01 10:28.9
    2    112 2.234691728165671e+01 1.2e+00 4.28e-01  4e-01  4e-01 21:01.7
    3    168 2.193975508509572e+01 1.3e+00 4.23e-01  3e-01  4e-01 31:36.2
    4    224 2.120472151589749e+01 1.4e+00 3.83e-01  3e-01  4e-01 42:10.0
    5    280 2.175824316957985e+01 1.6e+00 3.52e-01  2e-01  3e-01 52:43.7
    6    336 1.974411761812520e+01 1.7e+00 3.47e-01  2e-01  3e-01 63:16.9
    7    392 2.047798300897554e+01 1.7e+00 3.62e-01  2e-01  3e-01 73:51.9
    8    448 2.032073290294786e+01 1.9e+00 3.43e-01  2e-01  3e-01 84:23.9
    9    504 1.994633330123766e+01 2.2e+00 3.35e-01  1e-01  3e-01 94:54.2
   10    560 2.011009857104293e+01 2.6e+00 3.46e-01  1e-01  3e-01 105:27.5
   11    616 1.973415034822519e+01 3.0e+00 3.53e-01  1e-01  3e-01 116:01.5
   12    672 2.007329582334836e+01 3.3e+00 3.14e-01  1e-01  3e-01 126:35.1
   13    728 1.937618462271772e+01 3.5e+00 3.14e-01  8e-02  2e-01 137:10.3
   14    784 1.905331952882233e+01 3.6e+00 2.97e-01  7e-02  2e-01 147:42.9
   15    840 1.888751435530544e+01 3.8e+00 3.46e-01  8e-02  3e-01 158:14.4
   16    896 1.881770208073154e+01 4.7e+00 3.17e-01  7e-02  2e-01 168:51.9
   17    952 1.947943835931587e+01 4.7e+00 2.74e-01  5e-02  2e-01 179:20.7
   18   1008 1.909550596349145e+01 4.9e+00 2.97e-01  5e-02  2e-01 189:55.3
   19   1064 1.897243192460375e+01 5.9e+00 3.00e-01  5e-02  2e-01 200:28.2
   20   1120 1.842630831439347e+01 6.1e+00 3.15e-01  5e-02  2e-01 211:00.7
   21   1176 1.859649317567111e+01 7.2e+00 2.96e-01  4e-02  2e-01 221:31.8
   22   1232 1.864852596384925e+01 7.3e+00 2.78e-01  4e-02  2e-01 232:07.3
   23   1288 1.850970208339342e+01 7.7e+00 2.54e-01  3e-02  2e-01 242:40.9
   24   1344 1.844461969274192e+01 7.9e+00 2.68e-01  3e-02  2e-01 253:17.4
   25   1400 1.845429311968841e+01 8.1e+00 2.47e-01  3e-02  1e-01 263:53.9
   26   1456 1.853494980827006e+01 8.6e+00 2.53e-01  2e-02  2e-01 274:27.8
   27   1512 1.843587484831133e+01 9.6e+00 2.38e-01  2e-02  2e-01 285:02.6
   28   1568 1.858066522553127e+01 1.1e+01 2.07e-01  2e-02  1e-01 295:37.6
   29   1624 1.839656200107624e+01 1.2e+01 2.29e-01  2e-02  2e-01 306:06.6
   30   1680 1.826721218237991e+01 1.5e+01 2.34e-01  2e-02  2e-01 316:41.0
   31   1736 1.828431342272029e+01 1.7e+01 2.13e-01  2e-02  1e-01 327:17.7
   32   1792 1.831069397969413e+01 1.8e+01 2.20e-01  2e-02  2e-01 337:50.7
   33   1848 1.824664138606848e+01 2.0e+01 2.19e-01  1e-02  2e-01 348:29.4
   34   1904 1.825022880523809e+01 2.1e+01 2.14e-01  1e-02  2e-01 359:03.3
   35   1960 1.818650623629890e+01 2.2e+01 2.04e-01  1e-02  1e-01 369:38.1
   36   2016 1.815694634466369e+01 2.2e+01 2.10e-01  1e-02  1e-01 380:13.3
   37   2072 1.809274870286741e+01 2.3e+01 1.91e-01  1e-02  1e-01 390:44.2
   38   2128 1.816306571186216e+01 2.4e+01 1.76e-01  9e-03  1e-01 401:17.7
   39   2184 1.803203795512680e+01 2.5e+01 1.78e-01  8e-03  1e-01 411:52.3
   40   2240 1.806168492278567e+01 2.8e+01 1.76e-01  8e-03  1e-01 422:29.8
   41   2296 1.806592376744966e+01 2.7e+01 1.89e-01  8e-03  1e-01 433:08.3
   42   2352 1.799979011467449e+01 2.7e+01 1.58e-01  7e-03  9e-02 443:47.6
   43   2408 1.797083485702415e+01 2.6e+01 1.62e-01  7e-03  1e-01 454:19.3
   44   2464 1.802542150805782e+01 2.8e+01 1.51e-01  7e-03  8e-02 464:50.1
   45   2520 1.798980855571484e+01 2.6e+01 1.35e-01  6e-03  7e-02 475:26.4
   46   2576 1.794791479255986e+01 2.5e+01 1.48e-01  6e-03  8e-02 485:58.4
   47   2632 1.794516650021889e+01 2.9e+01 1.46e-01  6e-03  8e-02 496:36.2
   48   2688 1.794481539394066e+01 2.8e+01 1.46e-01  5e-03  8e-02 507:09.7
   49   2744 1.795038991976065e+01 2.8e+01 1.38e-01  5e-03  7e-02 517:45.5
   50   2800 1.792344219590981e+01 2.7e+01 1.32e-01  4e-03  6e-02 528:18.0
   51   2856 1.793872761944024e+01 2.7e+01 1.16e-01  3e-03  5e-02 538:47.3
   52   2912 1.792795555395375e+01 2.7e+01 1.03e-01  3e-03  5e-02 549:20.2
   53   2968 1.791055288030359e+01 2.9e+01 1.05e-01  3e-03  4e-02 559:53.8
   54   3024 1.791100468208145e+01 2.9e+01 1.04e-01  3e-03  4e-02 570:29.1
   55   3080 1.790998771731541e+01 2.7e+01 8.90e-02  2e-03  3e-02 581:06.9
   56   3136 1.790557503307011e+01 2.7e+01 8.80e-02  2e-03  3e-02 591:43.3
   57   3192 1.789806506297274e+01 2.5e+01 9.00e-02  2e-03  3e-02 602:17.0
   58   3248 1.790247618687082e+01 2.7e+01 9.12e-02  2e-03  3e-02 612:50.0
   59   3304 1.790146547321593e+01 2.8e+01 9.35e-02  2e-03  3e-02 623:26.5
   60   3360 1.789207405472175e+01 2.7e+01 1.03e-01  2e-03  3e-02 633:58.2
   61   3416 1.789663192814947e+01 2.9e+01 9.54e-02  2e-03  3e-02 644:33.1
   62   3472 1.789505570026631e+01 2.8e+01 9.38e-02  2e-03  3e-02 655:04.5
   63   3528 1.788996418523687e+01 3.1e+01 8.96e-02  1e-03  3e-02 665:36.5
   64   3584 1.788960274506112e+01 3.3e+01 8.87e-02  1e-03  3e-02 676:09.9
   65   3640 1.789029009026500e+01 3.7e+01 8.14e-02  9e-04  2e-02 686:42.0
   66   3696 1.788930396252774e+01 3.8e+01 7.66e-02  8e-04  2e-02 697:14.5
   67   3752 1.788977603790831e+01 3.8e+01 7.50e-02  7e-04  2e-02 707:45.6
   68   3808 1.788707460386301e+01 4.2e+01 6.96e-02  6e-04  2e-02 718:18.2
   69   3864 1.788965786100660e+01 4.5e+01 6.48e-02  5e-04  2e-02 728:51.6
   70   3920 1.788645477197532e+01 4.8e+01 5.83e-02  4e-04  2e-02 739:24.8
   71   3976 1.788667788088565e+01 5.4e+01 5.84e-02  4e-04  1e-02 749:56.8
   72   4032 1.788606220060973e+01 5.9e+01 5.68e-02  3e-04  1e-02 760:28.0
   73   4088 1.788639128092924e+01 6.7e+01 5.03e-02  2e-04  1e-02 771:00.9
   74   4144 1.788571598244670e+01 7.0e+01 4.49e-02  2e-04  1e-02 781:36.1
   75   4200 1.788560814357255e+01 7.6e+01 4.68e-02  2e-04  1e-02 792:07.9
   76   4256 1.788549287470511e+01 8.3e+01 4.53e-02  2e-04  1e-02 802:45.2
   77   4312 1.788555318446835e+01 9.7e+01 4.35e-02  2e-04  1e-02 813:17.6
   78   4368 1.788545942429807e+01 1.2e+02 3.81e-02  2e-04  9e-03 823:51.3
   79   4424 1.788536667926673e+01 1.3e+02 3.28e-02  1e-04  7e-03 834:21.3
   80   4480 1.788528356653102e+01 1.5e+02 2.71e-02  1e-04  6e-03 844:57.7
   81   4536 1.788523755776484e+01 1.7e+02 2.61e-02  9e-05  5e-03 855:29.5
   82   4592 1.788518265809199e+01 1.9e+02 2.29e-02  8e-05  4e-03 866:03.6
   83   4648 1.788521930491520e+01 2.2e+02 2.16e-02  7e-05  4e-03 876:37.2
   84   4704 1.788514505213537e+01 2.6e+02 2.10e-02  7e-05  4e-03 887:09.8
   85   4760 1.788516388600345e+01 2.8e+02 2.06e-02  7e-05  4e-03 897:44.8
   86   4816 1.788515982173189e+01 3.2e+02 2.02e-02  7e-05  4e-03 908:19.8
   87   4872 1.788514659177053e+01 3.6e+02 1.91e-02  6e-05  3e-03 918:54.2
   88   4928 1.788512703253086e+01 3.9e+02 1.81e-02  6e-05  3e-03 929:26.0
   89   4984 1.788509990192450e+01 4.2e+02 1.55e-02  5e-05  3e-03 940:00.2
   90   5040 1.788510527238014e+01 5.1e+02 1.59e-02  5e-05  3e-03 950:34.4
   91   5096 1.788508555124924e+01 5.3e+02 1.44e-02  5e-05  2e-03 961:04.7
   92   5152 1.788509631888349e+01 5.9e+02 1.29e-02  4e-05  2e-03 971:43.2
   93   5208 1.788508862837810e+01 7.0e+02 1.42e-02  5e-05  2e-03 982:17.0
   94   5264 1.788508372828000e+01 7.1e+02 1.42e-02  5e-05  2e-03 992:48.5
   95   5320 1.788507284606776e+01 8.6e+02 1.66e-02  6e-05  3e-03 1003:25.3
   96   5376 1.788506656316794e+01 1.1e+03 1.98e-02  6e-05  4e-03 1014:01.7
   97   5432 1.788508157687905e+01 1.3e+03 1.94e-02  6e-05  3e-03 1024:35.4
   98   5488 1.788507049220819e+01 1.3e+03 1.87e-02  5e-05  3e-03 1035:08.0
   99   5544 1.788506364551739e+01 1.3e+03 1.76e-02  4e-05  3e-03 1045:41.4
  100   5600 1.788505647565109e+01 1.4e+03 1.76e-02  4e-05  3e-03 1056:14.4
  101   5656 1.788505943942122e+01 1.6e+03 1.56e-02  3e-05  2e-03 1066:49.5
  102   5712 1.788505085465988e+01 1.6e+03 1.47e-02  3e-05  2e-03 1077:24.8
  103   5768 1.788505115702175e+01 1.6e+03 1.31e-02  2e-05  2e-03 1087:57.2
  104   5824 1.788504072593504e+01 1.5e+03 1.30e-02  2e-05  2e-03 1098:31.4
  105   5880 1.788504729841998e+01 1.6e+03 1.20e-02  2e-05  1e-03 1109:03.0
  106   5936 1.788504289901846e+01 1.6e+03 9.74e-03  1e-05  1e-03 1119:35.5
  107   5992 1.788504053125606e+01 1.7e+03 8.67e-03  1e-05  9e-04 1130:12.3
  108   6048 1.788503885987777e+01 1.8e+03 8.02e-03  1e-05  7e-04 1140:48.0
  109   6104 1.788503715112237e+01 1.8e+03 9.03e-03  1e-05  8e-04 1151:19.2
  110   6160 1.788503561550291e+01 2.0e+03 9.90e-03  1e-05  1e-03 1161:54.3
  111   6216 1.788503664279722e+01 2.6e+03 1.00e-02  1e-05  1e-03 1172:28.0
  112   6272 1.788503389358333e+01 2.6e+03 1.01e-02  1e-05  9e-04 1183:03.8
  113   6328 1.788503580203240e+01 2.8e+03 9.84e-03  1e-05  9e-04 1193:37.3
  114   6384 1.788503446996351e+01 2.9e+03 8.58e-03  1e-05  7e-04 1204:10.8
  115   6440 1.788503529367465e+01 3.0e+03 7.78e-03  9e-06  6e-04 1214:46.3
  116   6496 1.788503433476161e+01 3.1e+03 7.21e-03  8e-06  5e-04 1225:20.3
  117   6552 1.788503380551499e+01 3.4e+03 6.87e-03  7e-06  5e-04 1235:54.9
  118   6608 1.788503387616473e+01 3.7e+03 6.18e-03  7e-06  4e-04 1246:34.5
  119   6664 1.788503305625711e+01 4.0e+03 5.75e-03  6e-06  4e-04 1257:04.4
  120   6720 1.788503312652299e+01 4.5e+03 5.47e-03  6e-06  4e-04 1267:34.5
  121   6776 1.788503347029607e+01 5.0e+03 5.56e-03  5e-06  4e-04 1278:08.1
  122   6832 1.788503304293094e+01 4.7e+03 4.83e-03  4e-06  3e-04 1288:39.0
  123   6888 1.788503265946086e+01 4.8e+03 4.98e-03  5e-06  3e-04 1299:18.5
  124   6944 1.788503257890146e+01 4.9e+03 5.19e-03  5e-06  3e-04 1309:48.9
  125   7000 1.788503264404555e+01 5.9e+03 4.78e-03  4e-06  3e-04 1320:23.1
  126   7056 1.788503272858159e+01 5.8e+03 4.39e-03  4e-06  2e-04 1331:01.8
  127   7112 1.788503232261763e+01 6.3e+03 4.20e-03  4e-06  2e-04 1341:36.1
  128   7168 1.788503219898826e+01 6.6e+03 3.79e-03  3e-06  2e-04 1352:09.8
  129   7224 1.788503227332474e+01 7.2e+03 3.55e-03  3e-06  2e-04 1362:45.9
  130   7280 1.788503223309305e+01 8.0e+03 3.67e-03  3e-06  2e-04 1373:19.8
  131   7336 1.788503226337887e+01 9.0e+03 3.48e-03  3e-06  2e-04 1383:53.6
  132   7392 1.788503227078415e+01 9.6e+03 3.02e-03  2e-06  1e-04 1394:26.9
  133   7448 1.788503217821562e+01 1.0e+04 2.95e-03  2e-06  1e-04 1405:02.0
  134   7504 1.788503218229864e+01 1.1e+04 2.76e-03  2e-06  1e-04 1415:34.8
  135   7560 1.788503215264656e+01 1.2e+04 2.41e-03  2e-06  1e-04 1426:12.3
  136   7616 1.788503209369390e+01 1.3e+04 2.49e-03  2e-06  9e-05 1436:48.7
  137   7672 1.788503209997183e+01 1.4e+04 2.24e-03  1e-06  8e-05 1447:22.1
  138   7728 1.788503209451805e+01 1.5e+04 2.01e-03  1e-06  8e-05 1457:57.3
  139   7784 1.788503209070544e+01 1.7e+04 1.86e-03  1e-06  7e-05 1468:33.0
  140   7840 1.788503206587763e+01 1.8e+04 1.68e-03  1e-06  7e-05 1479:11.2
  141   7896 1.788503205515363e+01 2.1e+04 1.54e-03  9e-07  6e-05 1489:43.2
  142   7952 1.788503207506200e+01 2.2e+04 1.55e-03  9e-07  6e-05 1500:17.2
  143   8008 1.788503206224519e+01 2.4e+04 1.60e-03  9e-07  6e-05 1510:53.5
  144   8064 1.788503206871674e+01 2.6e+04 1.54e-03  9e-07  5e-05 1521:26.9
  145   8120 1.788503206125127e+01 2.7e+04 1.58e-03  9e-07  6e-05 1532:03.6
  146   8176 1.788503205614828e+01 3.5e+04 1.48e-03  8e-07  5e-05 1542:37.1
  147   8232 1.788503205772377e+01 3.8e+04 1.38e-03  7e-07  5e-05 1553:08.9
  148   8288 1.788503205412493e+01 4.0e+04 1.28e-03  6e-07  4e-05 1563:45.0
  149   8344 1.788503205186302e+01 4.4e+04 1.24e-03  6e-07  4e-05 1574:21.2
  150   8400 1.788503205434560e+01 4.8e+04 1.16e-03  6e-07  4e-05 1584:55.8
  151   8456 1.788503204614772e+01 5.0e+04 1.02e-03  5e-07  3e-05 1595:32.9
  152   8512 1.788503204736792e+01 5.6e+04 1.07e-03  5e-07  3e-05 1606:09.5
  153   8568 1.788503204854587e+01 5.9e+04 1.03e-03  4e-07  3e-05 1616:43.3
  154   8624 1.788503204666951e+01 6.3e+04 1.04e-03  5e-07  3e-05 1627:18.2
  155   8680 1.788503204491551e+01 6.9e+04 1.03e-03  4e-07  3e-05 1637:52.1
  156   8736 1.788503204408927e+01 7.3e+04 1.02e-03  4e-07  3e-05 1648:25.2
  157   8792 1.788503204391076e+01 8.5e+04 9.72e-04  4e-07  3e-05 1659:03.0
  158   8848 1.788503204429078e+01 9.5e+04 9.07e-04  3e-07  3e-05 1669:35.3
  159   8904 1.788503204412175e+01 1.1e+05 8.41e-04  3e-07  2e-05 1680:13.5
  160   8960 1.788503204269065e+01 1.0e+05 7.62e-04  3e-07  2e-05 1690:47.0
  161   9016 1.788503204196054e+01 1.1e+05 7.11e-04  2e-07  2e-05 1701:20.3
  162   9072 1.788503204169491e+01 1.1e+05 6.11e-04  2e-07  1e-05 1711:50.4
  163   9128 1.788503204213702e+01 1.2e+05 5.30e-04  2e-07  1e-05 1722:24.2
  164   9184 1.788503204159680e+01 1.3e+05 5.03e-04  2e-07  1e-05 1732:60.0
  165   9240 1.788503204177940e+01 1.5e+05 4.43e-04  1e-07  9e-06 1743:36.4
  166   9296 1.788503204153025e+01 1.6e+05 4.27e-04  1e-07  8e-06 1754:10.1
  167   9352 1.788503204140375e+01 1.8e+05 4.21e-04  1e-07  7e-06 1764:39.9
  168   9408 1.788503204147577e+01 1.9e+05 4.24e-04  1e-07  7e-06 1775:15.5
  169   9464 1.788503204137465e+01 2.0e+05 3.93e-04  1e-07  6e-06 1785:47.3
  170   9520 1.788503204132251e+01 2.1e+05 3.40e-04  9e-08  5e-06 1796:19.1
  171   9576 1.788503204110016e+01 2.3e+05 3.34e-04  8e-08  5e-06 1806:54.6
  172   9632 1.788503204120027e+01 2.6e+05 2.66e-04  6e-08  4e-06 1817:28.1
  173   9688 1.788503204108261e+01 2.8e+05 2.66e-04  6e-08  4e-06 1828:03.6
  174   9744 1.788503204107630e+01 2.9e+05 2.38e-04  5e-08  3e-06 1838:39.1
  175   9800 1.788503204103412e+01 3.1e+05 2.23e-04  5e-08  3e-06 1849:12.8
  176   9856 1.788503204100216e+01 3.5e+05 2.34e-04  5e-08  3e-06 1859:45.0
  177   9912 1.788503204104115e+01 3.6e+05 2.42e-04  6e-08  3e-06 1870:21.9
  178   9968 1.788503204104834e+01 3.9e+05 2.46e-04  5e-08  3e-06 1880:58.7
  179  10024 1.788503204098712e+01 4.0e+05 2.13e-04  4e-08  3e-06 1891:33.7
  180  10080 1.788503204095765e+01 4.4e+05 2.09e-04  4e-08  2e-06 1902:07.8
  181  10136 1.788503204097500e+01 4.9e+05 1.88e-04  3e-08  2e-06 1912:40.3
  182  10192 1.788503204094215e+01 4.9e+05 1.71e-04  3e-08  2e-06 1923:12.8
  183  10248 1.788503204097270e+01 5.5e+05 1.68e-04  3e-08  2e-06 1933:48.8
  184  10304 1.788503204096940e+01 6.3e+05 1.82e-04  4e-08  2e-06 1944:20.1
  185  10360 1.788503204094745e+01 7.0e+05 1.77e-04  4e-08  2e-06 1954:54.5
  186  10416 1.788503204094553e+01 7.9e+05 1.52e-04  3e-08  2e-06 1965:27.7
  187  10472 1.788503204095333e+01 9.1e+05 1.49e-04  3e-08  2e-06 1976:04.6
  188  10528 1.788503204093211e+01 9.4e+05 1.48e-04  3e-08  2e-06 1986:40.8
  189  10584 1.788503204093178e+01 1.1e+06 1.41e-04  3e-08  2e-06 1997:15.3
/cluster/home/jacobdb/anaconda_env_kwant/lib/python3.12/site-packages/cma/utilities/utils.py:343: UserWarning: 
        geno-pheno transformation introduced based on the
        current covariance matrix with condition 1.3e+12 -> 1.0e+00,
        injected solutions become "invalid" in this iteration (class=CMAEvolutionStrategy method=alleviate_conditioning iteration=189)
  warnings.warn(msg + ' (' +
  190  10640 1.788503204094619e+01 1.0e+00 1.22e-04  1e-04  1e-04 2007:46.4
  191  10696 1.788503204093488e+01 1.3e+00 1.30e-04  1e-04  1e-04 2018:24.2
  192  10752 1.788503204093443e+01 1.7e+00 1.48e-04  1e-04  2e-04 2028:56.8
  193  10808 1.788503204093245e+01 1.9e+00 1.53e-04  1e-04  2e-04 2039:27.1
  194  10864 1.788503204093251e+01 2.0e+00 1.31e-04  9e-05  1e-04 2050:02.6
  195  10920 1.788503204093281e+01 2.2e+00 1.12e-04  7e-05  1e-04 2060:34.2
  196  10976 1.788503204092723e+01 2.5e+00 1.10e-04  6e-05  1e-04 2071:09.0
  197  11032 1.788503204093148e+01 2.7e+00 1.02e-04  6e-05  9e-05 2081:44.4
  198  11088 1.788503204092860e+01 2.7e+00 1.05e-04  6e-05  1e-04 2092:17.8
  199  11144 1.788503204092853e+01 3.1e+00 1.03e-04  5e-05  9e-05 2102:55.6
  200  11200 1.788503204092677e+01 3.2e+00 1.08e-04  5e-05  9e-05 2113:32.8
  201  11256 1.788503204092935e+01 3.3e+00 9.03e-05  4e-05  7e-05 2124:02.9
  202  11312 1.788503204092413e+01 3.2e+00 8.58e-05  4e-05  7e-05 2134:38.6
  203  11368 1.788503204092940e+01 3.4e+00 9.18e-05  4e-05  7e-05 2145:10.4
  204  11424 1.788503204092786e+01 3.5e+00 8.60e-05  3e-05  7e-05 2155:44.4
  205  11480 1.788503204092714e+01 3.8e+00 9.44e-05  3e-05  8e-05 2166:21.3
  206  11536 1.788503204092562e+01 4.1e+00 9.16e-05  3e-05  8e-05 2176:54.3
  207  11592 1.788503204092341e+01 4.5e+00 8.25e-05  3e-05  7e-05 2187:27.8
  208  11648 1.788503204092404e+01 4.5e+00 7.95e-05  2e-05  7e-05 2198:00.7
  209  11704 1.788503204092288e+01 4.8e+00 6.99e-05  2e-05  6e-05 2208:33.9
  210  11760 1.788503204092367e+01 5.1e+00 6.33e-05  2e-05  5e-05 2219:08.1
  211  11816 1.788503204092228e+01 4.9e+00 6.13e-05  2e-05  5e-05 2229:44.5
  212  11872 1.788503204092308e+01 5.2e+00 6.29e-05  2e-05  5e-05 2240:18.9
  213  11928 1.788503204092514e+01 4.9e+00 5.97e-05  2e-05  4e-05 2250:56.1
  214  11984 1.788503204092014e+01 5.2e+00 6.04e-05  2e-05  4e-05 2261:30.7
  215  12040 1.788503204092344e+01 5.3e+00 6.11e-05  2e-05  4e-05 2272:03.9
  216  12096 1.788503204092329e+01 5.6e+00 6.00e-05  1e-05  4e-05 2282:37.5
  217  12152 1.788503204092305e+01 5.9e+00 5.61e-05  1e-05  4e-05 2293:09.3
  218  12208 1.788503204092159e+01 5.9e+00 5.43e-05  1e-05  4e-05 2303:46.1
  219  12264 1.788503204092207e+01 6.5e+00 5.17e-05  1e-05  4e-05 2314:21.8
  220  12320 1.788503204092098e+01 6.9e+00 5.32e-05  1e-05  4e-05 2324:57.7
  221  12376 1.788503204092249e+01 7.4e+00 5.54e-05  1e-05  4e-05 2335:31.8
  222  12432 1.788503204092450e+01 7.5e+00 6.07e-05  1e-05  4e-05 2346:05.5
  223  12488 1.788503204091640e+01 7.5e+00 5.66e-05  1e-05  4e-05 2356:38.7
  224  12544 1.788503204092391e+01 7.2e+00 5.57e-05  1e-05  4e-05 2367:12.3
  225  12600 1.788503204092382e+01 8.1e+00 5.57e-05  1e-05  4e-05 2377:45.5
  226  12656 1.788503204092363e+01 8.4e+00 5.50e-05  1e-05  4e-05 2388:17.4
  227  12712 1.788503204092279e+01 8.8e+00 5.84e-05  1e-05  4e-05 2398:50.6
  228  12768 1.788503204092535e+01 9.4e+00 5.72e-05  1e-05  4e-05 2409:26.0
  229  12824 1.788503204092024e+01 9.8e+00 5.40e-05  1e-05  4e-05 2419:58.0
  230  12880 1.788503204092351e+01 9.9e+00 5.03e-05  1e-05  3e-05 2430:34.8
  231  12936 1.788503204092115e+01 1.1e+01 4.95e-05  1e-05  3e-05 2441:08.6
  232  12992 1.788503204092463e+01 1.1e+01 4.74e-05  1e-05  3e-05 2451:41.6
  233  13048 1.788503204092420e+01 1.1e+01 5.00e-05  1e-05  3e-05 2462:14.2
  234  13104 1.788503204092341e+01 1.0e+01 5.04e-05  1e-05  3e-05 2472:48.0
  235  13160 1.788503204092770e+01 9.6e+00 5.28e-05  1e-05  3e-05 2483:20.8
  236  13216 1.788503204092228e+01 1.0e+01 5.03e-05  1e-05  3e-05 2493:54.4
  237  13272 1.788503204092563e+01 1.1e+01 4.70e-05  1e-05  3e-05 2504:27.9
  238  13328 1.788503204092216e+01 1.1e+01 5.16e-05  1e-05  3e-05 2515:00.4
  239  13384 1.788503204092483e+01 1.2e+01 5.50e-05  1e-05  3e-05 2525:31.0
  240  13440 1.788503204092482e+01 1.2e+01 6.20e-05  2e-05  4e-05 2536:03.6
  241  13496 1.788503204092438e+01 1.3e+01 5.75e-05  1e-05  4e-05 2546:37.8
  242  13552 1.788503204092097e+01 1.4e+01 5.18e-05  1e-05  3e-05 2557:07.1
  243  13608 1.788503204092500e+01 1.4e+01 5.60e-05  1e-05  4e-05 2567:42.4
  244  13664 1.788503204092495e+01 1.7e+01 5.93e-05  2e-05  4e-05 2578:12.3
  245  13720 1.788503204092464e+01 1.8e+01 5.33e-05  1e-05  4e-05 2588:44.8
  246  13776 1.788503204092332e+01 1.9e+01 4.62e-05  1e-05  3e-05 2599:13.6
  247  13832 1.788503204092388e+01 1.7e+01 4.72e-05  1e-05  3e-05 2609:49.5
  248  13888 1.788503204092546e+01 1.8e+01 4.22e-05  1e-05  3e-05 2620:23.7
  249  13944 1.788503204092242e+01 2.0e+01 4.27e-05  1e-05  3e-05 2630:56.8
  250  14000 1.788503204091867e+01 2.1e+01 4.73e-05  1e-05  3e-05 2641:31.0
  251  14056 1.788503204092419e+01 2.0e+01 4.41e-05  1e-05  3e-05 2652:02.4
  252  14112 1.788503204092373e+01 2.0e+01 4.39e-05  1e-05  3e-05 2662:35.3
  253  14168 1.788503204092141e+01 1.9e+01 4.41e-05  1e-05  3e-05 2673:06.9
  254  14224 1.788503204092179e+01 1.9e+01 4.96e-05  1e-05  3e-05 2683:39.1
  255  14280 1.788503204092484e+01 2.0e+01 5.06e-05  1e-05  3e-05 2694:16.1
  256  14336 1.788503204092148e+01 2.0e+01 4.95e-05  1e-05  3e-05 2704:49.7
  257  14392 1.788503204092346e+01 2.1e+01 5.05e-05  1e-05  3e-05 2715:25.2
  258  14448 1.788503204092549e+01 1.9e+01 4.97e-05  9e-06  3e-05 2725:57.7
  259  14504 1.788503204092390e+01 2.0e+01 6.00e-05  1e-05  4e-05 2736:29.9
  260  14560 1.788503204092679e+01 2.1e+01 5.88e-05  1e-05  4e-05 2747:05.6
  261  14616 1.788503204092383e+01 2.2e+01 6.39e-05  1e-05  4e-05 2757:38.0
  262  14672 1.788503204092217e+01 2.1e+01 6.71e-05  1e-05  4e-05 2768:11.2
  263  14728 1.788503204092602e+01 2.2e+01 6.60e-05  1e-05  4e-05 2778:47.6
  264  14784 1.788503204092012e+01 2.2e+01 6.94e-05  1e-05  4e-05 2789:19.7
  265  14840 1.788503204092102e+01 2.2e+01 7.95e-05  1e-05  5e-05 2799:48.0
  266  14896 1.788503204092469e+01 2.3e+01 9.51e-05  2e-05  6e-05 2810:19.5
  267  14952 1.788503204092136e+01 2.3e+01 9.76e-05  2e-05  6e-05 2820:49.9
  268  15008 1.788503204092204e+01 2.5e+01 9.26e-05  1e-05  5e-05 2831:19.3
  269  15064 1.788503204092174e+01 2.5e+01 1.00e-04  1e-05  6e-05 2841:51.8
  270  15120 1.788503204092243e+01 2.7e+01 1.01e-04  1e-05  5e-05 2852:26.8
  271  15176 1.788503204092178e+01 2.7e+01 1.09e-04  2e-05  6e-05 2863:01.1
  272  15232 1.788503204092486e+01 2.5e+01 1.09e-04  2e-05  5e-05 2873:32.7
  273  15288 1.788503204092113e+01 2.6e+01 1.10e-04  1e-05  5e-05 2884:08.3
termination on timeout=172800
final/bestever f-value = 1.788503e+01 1.788503e+01 after 15288/12476 evaluations
incumbent solution: [0.880556571388297, 0.22244232031334832, -0.09269085982487013, 0.9522862293451908, 0.3175602427763806, 0.0020262852183350333, 0.046162243950675474, -0.024685077916728915]
std deviation: [5.478005887322156e-05, 2.0969758021296545e-05, 4.378117275465956e-05, 3.545536478043322e-05, 3.2879419735315056e-05, 3.483683714784192e-05, 1.4922373490097972e-05, 4.091750331991302e-05]
