CPUs available: 56
Disorder: (0.0005, 30)
Disorder size: 30
Unoptimised score: 23.10418081243911
(28_w,56)-aCMA-ES (mu_w=15.5,w_1=12%) in dimension 8 (seed=976475, Tue Mar 25 04:17:24 2025)
Iterat Nfevals  function value    axis ratio maxstd  minstd
Iterat #Fevals   function value  axis ratio  sigma  min&max std  t[m:s]
    1     56 2.260764932415384e+01 1.0e+00 4.61e-01  4e-01  4e-01 11:59.5
    2    112 2.144374059226706e+01 1.1e+00 4.55e-01  4e-01  4e-01 24:00.8
    3    168 2.149750572423913e+01 1.2e+00 4.24e-01  3e-01  4e-01 36:03.0
    4    224 2.127950249638947e+01 1.3e+00 4.36e-01  3e-01  4e-01 48:02.8
    5    280 2.054536845652726e+01 1.4e+00 4.33e-01  3e-01  3e-01 60:04.2
    6    336 2.070874368439914e+01 1.5e+00 4.79e-01  3e-01  4e-01 72:10.7
    7    392 2.042649130356315e+01 1.8e+00 4.36e-01  2e-01  3e-01 84:11.1
    8    448 2.025263168260873e+01 1.9e+00 4.32e-01  2e-01  3e-01 96:10.4
    9    504 2.038083016708316e+01 2.0e+00 4.35e-01  2e-01  3e-01 108:08.9
   10    560 1.992064598025713e+01 2.1e+00 4.01e-01  2e-01  3e-01 120:06.2
   11    616 1.933386436788832e+01 2.4e+00 4.00e-01  1e-01  3e-01 132:06.7
   12    672 1.961109096967121e+01 2.6e+00 4.48e-01  1e-01  3e-01 144:07.0
   13    728 1.957027070939631e+01 3.1e+00 4.61e-01  1e-01  3e-01 156:04.8
   14    784 1.913992413085944e+01 3.3e+00 4.26e-01  1e-01  3e-01 168:06.9
   15    840 1.982406189081779e+01 3.5e+00 4.78e-01  1e-01  3e-01 180:05.1
   16    896 1.972580126531374e+01 4.0e+00 4.69e-01  1e-01  3e-01 192:03.6
   17    952 1.936970376802878e+01 4.3e+00 4.14e-01  8e-02  3e-01 204:06.2
   18   1008 1.956570777133448e+01 4.3e+00 3.93e-01  7e-02  2e-01 216:05.7
   19   1064 1.958955663040204e+01 4.5e+00 3.92e-01  6e-02  2e-01 228:06.9
   20   1120 1.899319913173680e+01 4.9e+00 4.04e-01  6e-02  2e-01 240:07.8
   21   1176 1.812880215948762e+01 5.7e+00 4.12e-01  6e-02  3e-01 252:08.1
   22   1232 1.850068698494626e+01 6.7e+00 3.92e-01  5e-02  2e-01 264:09.5
   23   1288 1.894479864841498e+01 7.0e+00 3.85e-01  5e-02  2e-01 276:10.7
   24   1344 1.867247284890589e+01 7.5e+00 3.59e-01  4e-02  2e-01 288:12.3
   25   1400 1.893416551941796e+01 7.4e+00 3.54e-01  4e-02  2e-01 300:11.2
   26   1456 1.874196484349687e+01 8.4e+00 3.44e-01  4e-02  2e-01 312:11.4
   27   1512 1.841874149099379e+01 8.9e+00 3.89e-01  4e-02  2e-01 324:15.0
   28   1568 1.822128325943305e+01 1.1e+01 3.85e-01  4e-02  2e-01 336:13.9
   29   1624 1.847650696876727e+01 1.3e+01 3.57e-01  3e-02  2e-01 348:12.7
   30   1680 1.843999703744322e+01 1.5e+01 3.40e-01  3e-02  2e-01 360:11.0
   31   1736 1.814287746186023e+01 1.8e+01 3.41e-01  3e-02  2e-01 372:08.7
   32   1792 1.807778678790937e+01 2.0e+01 3.22e-01  2e-02  2e-01 384:10.1
   33   1848 1.809410807032046e+01 2.1e+01 3.09e-01  2e-02  2e-01 396:12.0
   34   1904 1.815903053831034e+01 2.2e+01 3.11e-01  2e-02  2e-01 408:14.2
   35   1960 1.803651386069085e+01 2.3e+01 3.34e-01  2e-02  2e-01 420:15.6
   36   2016 1.800871273490776e+01 2.2e+01 3.16e-01  2e-02  2e-01 432:14.0
   37   2072 1.796782138069723e+01 2.1e+01 3.29e-01  2e-02  1e-01 444:15.6
   38   2128 1.798309975438449e+01 2.0e+01 2.64e-01  1e-02  1e-01 456:14.8
   39   2184 1.786640274885961e+01 2.1e+01 2.78e-01  2e-02  1e-01 468:16.3
   40   2240 1.786716139976841e+01 1.8e+01 2.59e-01  1e-02  9e-02 480:15.5
   41   2296 1.785292587285976e+01 1.8e+01 2.86e-01  1e-02  1e-01 492:16.0
   42   2352 1.786951029524143e+01 1.8e+01 2.82e-01  1e-02  9e-02 504:15.4
   43   2408 1.784415073989658e+01 1.7e+01 2.67e-01  1e-02  8e-02 516:17.5
   44   2464 1.786843240316744e+01 1.7e+01 2.52e-01  1e-02  7e-02 528:18.4
   45   2520 1.783040510891946e+01 1.6e+01 2.64e-01  1e-02  7e-02 540:15.8
   46   2576 1.785628717232076e+01 1.5e+01 2.51e-01  1e-02  6e-02 552:15.3
   47   2632 1.783824945893954e+01 1.5e+01 2.25e-01  8e-03  5e-02 564:16.8
   48   2688 1.784229309714545e+01 1.5e+01 2.62e-01  1e-02  6e-02 576:14.7
   49   2744 1.780924300524504e+01 1.4e+01 2.59e-01  9e-03  6e-02 588:12.7
   50   2800 1.781930482456028e+01 1.6e+01 2.56e-01  8e-03  5e-02 600:13.4
   51   2856 1.782590757910793e+01 1.6e+01 2.36e-01  7e-03  4e-02 612:13.0
   52   2912 1.781529877441428e+01 1.6e+01 2.34e-01  7e-03  4e-02 624:10.3
   53   2968 1.781975820258792e+01 1.8e+01 2.40e-01  6e-03  4e-02 636:11.1
   54   3024 1.781574856854226e+01 1.7e+01 2.42e-01  6e-03  4e-02 648:10.7
   55   3080 1.781332896539336e+01 1.7e+01 2.34e-01  5e-03  4e-02 660:13.5
   56   3136 1.779519506751119e+01 2.0e+01 2.22e-01  5e-03  4e-02 672:13.8
   57   3192 1.778586833825095e+01 1.9e+01 2.38e-01  4e-03  4e-02 684:17.0
   58   3248 1.779564158512508e+01 2.1e+01 2.43e-01  4e-03  4e-02 696:19.3
   59   3304 1.778358012751101e+01 2.2e+01 2.12e-01  3e-03  3e-02 708:17.8
   60   3360 1.777002451518211e+01 2.1e+01 1.99e-01  3e-03  3e-02 720:17.3
   61   3416 1.777047692409069e+01 2.3e+01 1.74e-01  2e-03  3e-02 732:18.0
   62   3472 1.776726521115099e+01 2.4e+01 1.67e-01  2e-03  3e-02 744:17.6
   63   3528 1.776732803537204e+01 2.4e+01 1.69e-01  2e-03  3e-02 756:19.0
   64   3584 1.776197249979434e+01 2.4e+01 1.53e-01  2e-03  2e-02 768:22.5
   65   3640 1.776523273150020e+01 2.5e+01 1.53e-01  2e-03  2e-02 780:23.9
   66   3696 1.776322519399352e+01 2.5e+01 1.38e-01  1e-03  2e-02 792:25.9
   67   3752 1.776234100346340e+01 2.7e+01 1.38e-01  1e-03  2e-02 804:24.3
   68   3808 1.775960500505282e+01 3.1e+01 1.20e-01  1e-03  2e-02 816:23.5
   69   3864 1.776199581400069e+01 3.5e+01 1.15e-01  1e-03  2e-02 828:26.9
   70   3920 1.775909466596644e+01 4.0e+01 1.11e-01  9e-04  2e-02 840:26.5
   71   3976 1.775865930236871e+01 4.6e+01 1.00e-01  8e-04  1e-02 852:28.2
   72   4032 1.775736632586547e+01 5.0e+01 9.12e-02  7e-04  1e-02 864:28.8
   73   4088 1.775421008581905e+01 5.4e+01 8.44e-02  6e-04  1e-02 876:28.2
   74   4144 1.775538766083165e+01 6.4e+01 7.95e-02  5e-04  1e-02 888:26.2
   75   4200 1.775515488475720e+01 7.1e+01 8.13e-02  5e-04  1e-02 900:28.7
   76   4256 1.775406572019689e+01 7.8e+01 8.06e-02  5e-04  1e-02 912:28.2
   77   4312 1.775474499124526e+01 7.9e+01 8.08e-02  4e-04  9e-03 924:29.5
   78   4368 1.775505364631650e+01 8.5e+01 7.46e-02  4e-04  8e-03 936:30.3
   79   4424 1.775434743405066e+01 8.8e+01 7.06e-02  3e-04  7e-03 948:33.8
   80   4480 1.775400553145896e+01 9.4e+01 6.36e-02  3e-04  6e-03 960:32.8
   81   4536 1.775355021751366e+01 9.7e+01 6.15e-02  2e-04  5e-03 972:31.5
   82   4592 1.775341608998759e+01 1.1e+02 5.94e-02  2e-04  5e-03 984:33.6
   83   4648 1.775323071880089e+01 1.1e+02 5.59e-02  2e-04  4e-03 996:34.2
   84   4704 1.775317623109655e+01 1.2e+02 5.51e-02  2e-04  4e-03 1008:31.1
   85   4760 1.775335390582113e+01 1.2e+02 5.10e-02  2e-04  3e-03 1020:34.2
   86   4816 1.775307738025998e+01 1.3e+02 4.94e-02  2e-04  3e-03 1032:34.4
   87   4872 1.775272091372684e+01 1.4e+02 4.27e-02  1e-04  3e-03 1044:36.6
   88   4928 1.775289334224568e+01 1.5e+02 4.06e-02  1e-04  2e-03 1056:36.0
   89   4984 1.775285570201137e+01 1.5e+02 4.10e-02  1e-04  2e-03 1068:38.2
   90   5040 1.775293147800949e+01 1.5e+02 3.34e-02  9e-05  2e-03 1080:40.9
   91   5096 1.775264468380466e+01 1.6e+02 2.95e-02  7e-05  1e-03 1092:41.3
   92   5152 1.775266304257958e+01 1.7e+02 2.92e-02  7e-05  1e-03 1104:41.0
   93   5208 1.775255742347155e+01 1.7e+02 2.72e-02  6e-05  1e-03 1116:44.6
   94   5264 1.775264134200502e+01 1.7e+02 2.43e-02  5e-05  8e-04 1128:42.6
   95   5320 1.775252911086123e+01 1.7e+02 2.59e-02  5e-05  9e-04 1140:41.9
   96   5376 1.775249039024349e+01 2.0e+02 2.37e-02  4e-05  7e-04 1152:44.4
   97   5432 1.775258176951513e+01 1.9e+02 2.12e-02  4e-05  6e-04 1164:43.9
   98   5488 1.775246834667615e+01 2.0e+02 1.86e-02  3e-05  5e-04 1176:40.1
   99   5544 1.775250987511067e+01 2.1e+02 1.57e-02  3e-05  4e-04 1188:40.8
  100   5600 1.775248396414184e+01 2.4e+02 1.46e-02  2e-05  4e-04 1200:42.1
  101   5656 1.775243770972021e+01 2.5e+02 1.60e-02  2e-05  4e-04 1212:41.8
  102   5712 1.775247237732366e+01 2.6e+02 1.58e-02  2e-05  4e-04 1224:42.7
  103   5768 1.775246719528399e+01 2.7e+02 1.62e-02  2e-05  4e-04 1236:44.1
  104   5824 1.775245767295168e+01 2.7e+02 1.57e-02  2e-05  3e-04 1248:42.6
  105   5880 1.775243350816075e+01 2.7e+02 1.51e-02  2e-05  3e-04 1260:42.6
  106   5936 1.775242393140323e+01 2.7e+02 1.43e-02  2e-05  3e-04 1272:45.3
  107   5992 1.775242956023685e+01 2.8e+02 1.34e-02  1e-05  2e-04 1284:49.2
  108   6048 1.775242145966091e+01 3.0e+02 1.28e-02  1e-05  2e-04 1296:50.2
  109   6104 1.775242317900373e+01 2.9e+02 1.32e-02  1e-05  2e-04 1308:51.6
  110   6160 1.775241796559809e+01 3.4e+02 1.25e-02  1e-05  2e-04 1320:48.6
  111   6216 1.775240800408611e+01 3.7e+02 1.06e-02  9e-06  2e-04 1332:48.6
  112   6272 1.775240755029919e+01 4.0e+02 9.82e-03  8e-06  2e-04 1344:49.5
  113   6328 1.775240651625901e+01 4.2e+02 1.11e-02  9e-06  2e-04 1356:49.0
  114   6384 1.775240446128335e+01 4.8e+02 1.03e-02  9e-06  2e-04 1368:51.2
  115   6440 1.775240681924731e+01 5.4e+02 9.98e-03  8e-06  2e-04 1380:52.8
  116   6496 1.775240217204857e+01 5.9e+02 9.40e-03  7e-06  1e-04 1392:55.9
  117   6552 1.775239856601619e+01 6.2e+02 1.02e-02  7e-06  1e-04 1404:57.4
  118   6608 1.775240038727179e+01 7.1e+02 9.23e-03  6e-06  1e-04 1416:56.4
  119   6664 1.775239792804415e+01 7.3e+02 8.69e-03  5e-06  1e-04 1428:54.8
  120   6720 1.775239550262770e+01 7.4e+02 7.86e-03  4e-06  1e-04 1440:54.9
  121   6776 1.775239712866834e+01 7.6e+02 7.95e-03  4e-06  1e-04 1452:53.5
  122   6832 1.775239610099549e+01 8.6e+02 7.58e-03  4e-06  9e-05 1464:52.1
  123   6888 1.775239455888700e+01 8.9e+02 6.72e-03  3e-06  8e-05 1476:55.3
  124   6944 1.775239354420253e+01 9.6e+02 5.87e-03  3e-06  7e-05 1488:58.9
  125   7000 1.775239428727103e+01 1.0e+03 6.04e-03  2e-06  6e-05 1501:01.5
  126   7056 1.775239360370393e+01 9.3e+02 5.78e-03  2e-06  6e-05 1513:01.1
  127   7112 1.775239367525899e+01 9.7e+02 5.27e-03  2e-06  5e-05 1525:01.2
  128   7168 1.775239348619413e+01 9.2e+02 4.77e-03  1e-06  4e-05 1537:00.3
  129   7224 1.775239217880346e+01 1.0e+03 4.58e-03  1e-06  4e-05 1549:00.1
  130   7280 1.775239208040911e+01 1.0e+03 4.18e-03  1e-06  3e-05 1561:03.4
  131   7336 1.775239234579389e+01 1.1e+03 3.88e-03  1e-06  3e-05 1573:04.5
  132   7392 1.775239228819867e+01 1.1e+03 3.77e-03  9e-07  3e-05 1585:04.1
  133   7448 1.775239158400270e+01 1.1e+03 3.65e-03  9e-07  3e-05 1597:03.6
  134   7504 1.775239158302407e+01 1.3e+03 3.70e-03  9e-07  3e-05 1609:03.6
  135   7560 1.775239149972685e+01 1.6e+03 3.12e-03  8e-07  3e-05 1621:05.5
  136   7616 1.775239108823423e+01 1.7e+03 2.98e-03  7e-07  3e-05 1633:02.9
  137   7672 1.775239132673116e+01 1.8e+03 2.65e-03  6e-07  2e-05 1645:05.8
  138   7728 1.775239111415588e+01 1.9e+03 2.45e-03  5e-07  2e-05 1657:06.4
  139   7784 1.775239084582778e+01 2.0e+03 2.57e-03  5e-07  2e-05 1669:07.6
  140   7840 1.775239086965045e+01 2.1e+03 2.41e-03  4e-07  2e-05 1681:07.4
  141   7896 1.775239084317013e+01 2.2e+03 2.57e-03  5e-07  2e-05 1693:06.9
  142   7952 1.775239079792406e+01 2.4e+03 2.63e-03  5e-07  2e-05 1705:07.0
  143   8008 1.775239081706123e+01 2.8e+03 2.54e-03  5e-07  2e-05 1717:08.7
  144   8064 1.775239071423095e+01 3.2e+03 2.27e-03  4e-07  2e-05 1729:08.2
  145   8120 1.775239069249644e+01 3.4e+03 2.51e-03  5e-07  2e-05 1741:06.5
  146   8176 1.775239070103042e+01 3.9e+03 2.26e-03  4e-07  2e-05 1753:07.8
  147   8232 1.775239065257624e+01 3.8e+03 1.81e-03  3e-07  1e-05 1765:09.1
  148   8288 1.775239059126401e+01 3.9e+03 1.85e-03  3e-07  1e-05 1777:09.8
  149   8344 1.775239053962150e+01 4.0e+03 1.76e-03  2e-07  1e-05 1789:09.4
  150   8400 1.775239056467898e+01 4.3e+03 1.65e-03  2e-07  1e-05 1801:10.6
  151   8456 1.775239056243172e+01 4.6e+03 1.67e-03  2e-07  1e-05 1813:10.2
  152   8512 1.775239053468410e+01 4.8e+03 1.54e-03  2e-07  1e-05 1825:09.0
  153   8568 1.775239053222593e+01 5.3e+03 1.44e-03  2e-07  9e-06 1837:08.9
  154   8624 1.775239053041310e+01 5.6e+03 1.22e-03  1e-07  8e-06 1849:12.0
  155   8680 1.775239053657673e+01 6.2e+03 1.19e-03  1e-07  8e-06 1861:12.2
  156   8736 1.775239053267024e+01 6.8e+03 1.22e-03  2e-07  8e-06 1873:11.3
  157   8792 1.775239051729132e+01 7.3e+03 1.11e-03  1e-07  7e-06 1885:10.6
  158   8848 1.775239049609003e+01 8.1e+03 1.04e-03  1e-07  7e-06 1897:09.9
  159   8904 1.775239049622363e+01 8.4e+03 8.88e-04  1e-07  6e-06 1909:10.2
  160   8960 1.775239048877292e+01 8.3e+03 8.17e-04  1e-07  5e-06 1921:08.0
  161   9016 1.775239048007894e+01 9.2e+03 8.64e-04  1e-07  6e-06 1933:06.6
  162   9072 1.775239048584685e+01 1.1e+04 8.89e-04  1e-07  6e-06 1945:08.4
  163   9128 1.775239048032394e+01 1.1e+04 7.77e-04  1e-07  6e-06 1957:08.3
  164   9184 1.775239047954029e+01 1.3e+04 6.97e-04  9e-08  5e-06 1969:11.0
  165   9240 1.775239047446052e+01 1.3e+04 6.46e-04  8e-08  4e-06 1981:11.2
  166   9296 1.775239047021960e+01 1.4e+04 5.53e-04  7e-08  4e-06 1993:11.3
  167   9352 1.775239046889826e+01 1.5e+04 5.60e-04  6e-08  3e-06 2005:10.5
  168   9408 1.775239046629176e+01 1.5e+04 5.66e-04  7e-08  3e-06 2017:09.2
  169   9464 1.775239046555340e+01 1.7e+04 5.63e-04  7e-08  4e-06 2029:11.4
  170   9520 1.775239046271857e+01 1.8e+04 5.51e-04  7e-08  4e-06 2041:10.5
  171   9576 1.775239046294990e+01 2.2e+04 4.61e-04  6e-08  3e-06 2053:10.0
  172   9632 1.775239046208013e+01 2.4e+04 4.58e-04  6e-08  3e-06 2065:09.9
  173   9688 1.775239046291822e+01 2.6e+04 4.30e-04  5e-08  3e-06 2077:11.5
  174   9744 1.775239046071780e+01 2.6e+04 3.86e-04  5e-08  2e-06 2089:09.6
  175   9800 1.775239046043535e+01 2.7e+04 3.82e-04  4e-08  2e-06 2101:11.1
  176   9856 1.775239045952598e+01 2.9e+04 3.75e-04  4e-08  2e-06 2113:11.9
  177   9912 1.775239046122680e+01 3.0e+04 3.41e-04  3e-08  2e-06 2125:15.6
  178   9968 1.775239046015846e+01 3.1e+04 3.42e-04  3e-08  2e-06 2137:16.0
  179  10024 1.775239045989608e+01 3.4e+04 3.45e-04  3e-08  2e-06 2149:20.8
  180  10080 1.775239045885707e+01 3.7e+04 3.06e-04  3e-08  2e-06 2161:19.9
  181  10136 1.775239045883959e+01 4.1e+04 2.70e-04  2e-08  1e-06 2173:19.8
  182  10192 1.775239045892184e+01 4.4e+04 2.42e-04  2e-08  1e-06 2185:21.5
  183  10248 1.775239045856998e+01 4.7e+04 2.42e-04  2e-08  1e-06 2197:21.9
  184  10304 1.775239045844895e+01 5.0e+04 2.30e-04  2e-08  1e-06 2209:24.9
  185  10360 1.775239045803727e+01 5.6e+04 2.09e-04  2e-08  1e-06 2221:24.4
  186  10416 1.775239045814823e+01 6.5e+04 1.84e-04  2e-08  9e-07 2233:23.5
  187  10472 1.775239045785848e+01 6.6e+04 1.72e-04  2e-08  8e-07 2245:26.0
  188  10528 1.775239045795537e+01 7.3e+04 1.76e-04  2e-08  9e-07 2257:26.6
  189  10584 1.775239045782536e+01 8.4e+04 1.59e-04  2e-08  8e-07 2269:29.4
  190  10640 1.775239045768343e+01 9.0e+04 1.41e-04  1e-08  7e-07 2281:29.8
  191  10696 1.775239045760692e+01 1.1e+05 1.36e-04  1e-08  7e-07 2293:27.4
  192  10752 1.775239045759034e+01 1.1e+05 1.29e-04  1e-08  6e-07 2305:27.6
  193  10808 1.775239045758085e+01 1.1e+05 1.15e-04  1e-08  5e-07 2317:26.4
  194  10864 1.775239045752256e+01 1.2e+05 1.13e-04  9e-09  5e-07 2329:24.1
  195  10920 1.775239045745789e+01 1.3e+05 1.16e-04  1e-08  5e-07 2341:23.7
  196  10976 1.775239045745749e+01 1.4e+05 1.06e-04  9e-09  5e-07 2353:24.7
  197  11032 1.775239045736740e+01 1.6e+05 8.87e-05  8e-09  4e-07 2365:22.8
  198  11088 1.775239045735794e+01 1.8e+05 7.96e-05  7e-09  4e-07 2377:23.5
  199  11144 1.775239045737081e+01 1.9e+05 7.66e-05  7e-09  4e-07 2389:21.0
  200  11200 1.775239045738051e+01 2.1e+05 6.72e-05  6e-09  3e-07 2401:18.5
  201  11256 1.775239045735890e+01 2.2e+05 6.17e-05  5e-09  3e-07 2413:20.8
  202  11312 1.775239045733004e+01 2.2e+05 5.81e-05  4e-09  2e-07 2425:20.1
  203  11368 1.775239045732101e+01 2.3e+05 5.04e-05  4e-09  2e-07 2437:22.4
  204  11424 1.775239045732208e+01 2.3e+05 5.13e-05  4e-09  2e-07 2449:19.4
  205  11480 1.775239045730266e+01 2.6e+05 4.74e-05  3e-09  2e-07 2461:19.7
  206  11536 1.775239045731363e+01 2.8e+05 4.40e-05  3e-09  2e-07 2473:18.7
  207  11592 1.775239045731103e+01 3.1e+05 3.85e-05  3e-09  1e-07 2485:19.9
  208  11648 1.775239045731215e+01 3.0e+05 3.74e-05  2e-09  1e-07 2497:20.2
  209  11704 1.775239045730393e+01 3.1e+05 3.45e-05  2e-09  1e-07 2509:18.0
  210  11760 1.775239045729777e+01 3.7e+05 3.17e-05  2e-09  1e-07 2521:19.3
  211  11816 1.775239045728875e+01 3.8e+05 3.21e-05  2e-09  1e-07 2533:21.3
  212  11872 1.775239045728769e+01 3.9e+05 2.90e-05  2e-09  9e-08 2545:26.2
  213  11928 1.775239045728909e+01 4.0e+05 2.70e-05  2e-09  8e-08 2557:26.6
  214  11984 1.775239045728705e+01 4.2e+05 2.50e-05  1e-09  7e-08 2569:27.1
  215  12040 1.775239045729042e+01 4.0e+05 2.43e-05  1e-09  7e-08 2581:26.7
  216  12096 1.775239045728413e+01 4.4e+05 2.13e-05  1e-09  7e-08 2593:26.5
  217  12152 1.775239045728319e+01 4.7e+05 2.04e-05  1e-09  6e-08 2605:27.8
  218  12208 1.775239045728385e+01 5.2e+05 1.95e-05  1e-09  7e-08 2617:28.0
  219  12264 1.775239045728397e+01 6.3e+05 1.79e-05  1e-09  6e-08 2629:28.5
  220  12320 1.775239045728690e+01 6.6e+05 1.61e-05  1e-09  5e-08 2641:29.5
  221  12376 1.775239045728398e+01 6.0e+05 1.51e-05  9e-10  5e-08 2653:29.0
  222  12432 1.775239045728261e+01 6.2e+05 1.38e-05  8e-10  4e-08 2665:28.0
  223  12488 1.775239045728322e+01 6.8e+05 1.34e-05  8e-10  4e-08 2677:30.1
  224  12544 1.775239045728090e+01 7.6e+05 1.21e-05  7e-10  4e-08 2689:28.2
  225  12600 1.775239045728243e+01 7.4e+05 1.21e-05  7e-10  4e-08 2701:32.0
  226  12656 1.775239045728153e+01 8.3e+05 1.20e-05  7e-10  4e-08 2713:29.8
  227  12712 1.775239045727668e+01 9.1e+05 1.20e-05  7e-10  4e-08 2725:27.6
  228  12768 1.775239045727993e+01 9.1e+05 1.17e-05  7e-10  4e-08 2737:28.8
  229  12824 1.775239045728228e+01 9.5e+05 1.23e-05  7e-10  4e-08 2749:31.9
  230  12880 1.775239045728231e+01 9.1e+05 1.21e-05  7e-10  4e-08 2761:33.5
  231  12936 1.775239045727921e+01 9.9e+05 1.33e-05  7e-10  4e-08 2773:34.8
  232  12992 1.775239045727717e+01 9.5e+05 1.34e-05  7e-10  4e-08 2785:34.5
  233  13048 1.775239045728143e+01 9.2e+05 1.32e-05  7e-10  4e-08 2797:33.8
  234  13104 1.775239045727998e+01 9.3e+05 1.41e-05  7e-10  4e-08 2809:32.9
  235  13160 1.775239045728016e+01 9.5e+05 1.32e-05  7e-10  4e-08 2821:34.8
  236  13216 1.775239045728006e+01 9.7e+05 1.28e-05  6e-10  4e-08 2833:31.9
  237  13272 1.775239045728225e+01 8.6e+05 1.35e-05  7e-10  4e-08 2845:30.7
  238  13328 1.775239045728301e+01 8.9e+05 1.38e-05  7e-10  4e-08 2857:29.1
  239  13384 1.775239045728093e+01 9.5e+05 1.29e-05  7e-10  4e-08 2869:27.8
  240  13440 1.775239045727532e+01 9.7e+05 1.29e-05  7e-10  4e-08 2881:28.9
termination on timeout=172800
final/bestever f-value = 1.775239e+01 1.775239e+01 after 13440/13433 evaluations
incumbent solution: [0.13471700047827043, 0.13220182825507648, 0.6331736905538429, -0.5931367629216325, -0.5653294970855658, -0.35325177190935686, -0.38951997048367487, -0.8994304662282996]
std deviation: [2.3128326368680383e-08, 1.7940685554330502e-09, 3.696683529112341e-08, 3.52562126561061e-08, 1.133872975593444e-08, 6.783708294826641e-10, 3.445657935166232e-08, 2.0099981004814223e-08]
