runid: 21362542
CPUs available: 56
Disorder: None
Disorder size: None
Unoptimised score: 24.09023936898891
(28_w,56)-aCMA-ES (mu_w=15.5,w_1=12%) in dimension 8 (seed=713406, Wed Apr  2 19:05:20 2025)
Iterat Nfevals  function value    axis ratio maxstd  minstd
Iterat #Fevals   function value  axis ratio  sigma  min&max std  t[m:s]
    1     56 2.190539183348834e+01 1.0e+00 4.38e-01  4e-01  4e-01 10:32.0
    2    112 2.200936467990778e+01 1.2e+00 4.21e-01  4e-01  4e-01 21:02.5
    3    168 2.123891619173320e+01 1.4e+00 4.28e-01  3e-01  4e-01 31:34.8
    4    224 2.051362278607084e+01 1.5e+00 3.79e-01  3e-01  4e-01 42:06.7
    5    280 2.045952492083462e+01 1.5e+00 3.43e-01  2e-01  3e-01 52:36.2
    6    336 2.049573254090066e+01 1.5e+00 3.46e-01  2e-01  3e-01 63:11.5
    7    392 2.014400274119024e+01 1.8e+00 3.68e-01  2e-01  3e-01 73:45.3
    8    448 1.960447719158080e+01 2.0e+00 3.41e-01  2e-01  3e-01 84:18.5
    9    504 1.994359187729625e+01 2.2e+00 3.23e-01  1e-01  3e-01 94:51.6
   10    560 1.930177456995290e+01 2.4e+00 2.74e-01  1e-01  2e-01 105:23.1
   11    616 1.961378906690954e+01 2.8e+00 2.84e-01  9e-02  2e-01 115:55.8
   12    672 1.953834560636972e+01 3.2e+00 3.05e-01  9e-02  3e-01 126:27.2
   13    728 1.907235499213227e+01 3.6e+00 3.08e-01  8e-02  3e-01 136:59.2
   14    784 1.940943648035748e+01 4.0e+00 2.92e-01  7e-02  2e-01 147:31.2
   15    840 1.900941579254473e+01 4.3e+00 2.77e-01  6e-02  2e-01 158:04.0
   16    896 1.862754948196615e+01 4.6e+00 2.93e-01  5e-02  2e-01 168:34.7
   17    952 1.882840987641995e+01 5.2e+00 2.86e-01  5e-02  2e-01 179:09.4
   18   1008 1.876270625740194e+01 5.5e+00 2.60e-01  4e-02  2e-01 189:43.5
   19   1064 1.848822471348780e+01 5.6e+00 2.77e-01  4e-02  2e-01 200:21.0
   20   1120 1.863153999542173e+01 6.0e+00 2.85e-01  4e-02  2e-01 210:53.8
   21   1176 1.836852847462938e+01 7.2e+00 2.87e-01  3e-02  2e-01 221:28.7
   22   1232 1.830532628337217e+01 8.3e+00 2.68e-01  3e-02  2e-01 232:03.3
   23   1288 1.863963144921133e+01 9.3e+00 2.27e-01  2e-02  1e-01 242:35.7
   24   1344 1.849802562593886e+01 9.6e+00 2.28e-01  2e-02  1e-01 253:12.7
   25   1400 1.833439407049289e+01 1.0e+01 2.02e-01  2e-02  1e-01 263:46.6
   26   1456 1.815116443157896e+01 1.2e+01 2.00e-01  2e-02  1e-01 274:23.5
   27   1512 1.820198954469536e+01 1.4e+01 2.15e-01  2e-02  1e-01 284:57.7
   28   1568 1.826542092497865e+01 1.6e+01 2.13e-01  2e-02  1e-01 295:29.1
   29   1624 1.815521194521969e+01 1.7e+01 2.03e-01  1e-02  1e-01 306:02.3
   30   1680 1.810427212748539e+01 1.6e+01 1.81e-01  1e-02  9e-02 316:33.8
   31   1736 1.812311150385723e+01 1.6e+01 1.68e-01  1e-02  8e-02 327:06.6
   32   1792 1.812833843665200e+01 1.5e+01 1.69e-01  9e-03  7e-02 337:43.9
   33   1848 1.808961481624961e+01 1.4e+01 1.70e-01  9e-03  7e-02 348:17.7
   34   1904 1.801477422349793e+01 1.4e+01 1.94e-01  1e-02  8e-02 358:50.5
   35   1960 1.806964540448773e+01 1.4e+01 1.75e-01  9e-03  7e-02 369:26.0
   36   2016 1.798506897300357e+01 1.3e+01 1.65e-01  8e-03  6e-02 379:58.3
   37   2072 1.799840401355432e+01 1.4e+01 1.55e-01  6e-03  6e-02 390:32.5
   38   2128 1.800979568403032e+01 1.4e+01 1.54e-01  6e-03  5e-02 401:04.2
   39   2184 1.800174728556649e+01 1.4e+01 1.31e-01  4e-03  4e-02 411:38.4
   40   2240 1.797794658885384e+01 1.4e+01 1.29e-01  4e-03  4e-02 422:12.6
   41   2296 1.796491634203187e+01 1.7e+01 1.42e-01  4e-03  4e-02 432:47.5
   42   2352 1.796596652362037e+01 1.8e+01 1.46e-01  4e-03  4e-02 443:21.3
   43   2408 1.798315924430504e+01 1.9e+01 1.38e-01  3e-03  4e-02 453:52.1
   44   2464 1.787178800750691e+01 2.1e+01 1.48e-01  4e-03  4e-02 464:23.2
   45   2520 1.793822371260842e+01 1.9e+01 1.67e-01  4e-03  5e-02 474:54.6
   46   2576 1.785872199492560e+01 2.1e+01 1.84e-01  5e-03  6e-02 485:25.8
   47   2632 1.792029087600524e+01 2.1e+01 1.76e-01  4e-03  5e-02 495:56.1
   48   2688 1.790864049012328e+01 2.2e+01 1.63e-01  4e-03  5e-02 506:26.7
   49   2744 1.788229263302836e+01 2.2e+01 1.43e-01  3e-03  4e-02 516:58.6
   50   2800 1.784290920567481e+01 2.4e+01 1.45e-01  3e-03  4e-02 527:36.3
   51   2856 1.783288030681525e+01 2.8e+01 1.55e-01  3e-03  4e-02 538:07.8
   52   2912 1.783446928299278e+01 3.0e+01 1.58e-01  2e-03  5e-02 548:40.0
   53   2968 1.783756725328031e+01 3.3e+01 1.37e-01  2e-03  4e-02 559:12.2
   54   3024 1.783001294053710e+01 3.6e+01 1.40e-01  2e-03  4e-02 569:43.7
   55   3080 1.782728122388605e+01 3.4e+01 1.23e-01  2e-03  3e-02 580:18.2
   56   3136 1.782668774670276e+01 3.5e+01 1.22e-01  1e-03  3e-02 590:49.5
   57   3192 1.781347772316886e+01 3.5e+01 1.19e-01  1e-03  3e-02 601:20.8
   58   3248 1.780972602298233e+01 3.8e+01 1.12e-01  1e-03  3e-02 611:51.8
   59   3304 1.780022988810133e+01 4.0e+01 1.13e-01  1e-03  3e-02 622:28.5
   60   3360 1.780115350950584e+01 4.6e+01 1.09e-01  9e-04  3e-02 633:02.1
   61   3416 1.780533423007284e+01 4.8e+01 9.97e-02  8e-04  2e-02 643:34.2
   62   3472 1.780241290644764e+01 4.9e+01 1.03e-01  8e-04  2e-02 654:08.0
   63   3528 1.780296704892383e+01 5.3e+01 8.58e-02  6e-04  2e-02 664:44.9
   64   3584 1.780167997871952e+01 5.9e+01 9.17e-02  6e-04  2e-02 675:16.8
   65   3640 1.780083610477502e+01 6.5e+01 9.69e-02  6e-04  2e-02 685:49.6
   66   3696 1.779857477728709e+01 7.1e+01 8.75e-02  5e-04  2e-02 696:24.3
   67   3752 1.779835598144847e+01 8.1e+01 8.53e-02  5e-04  2e-02 706:54.9
   68   3808 1.779859386901146e+01 9.4e+01 8.93e-02  5e-04  2e-02 717:27.8
   69   3864 1.780099719521117e+01 1.1e+02 8.62e-02  4e-04  2e-02 728:02.1
   70   3920 1.779860834392829e+01 1.2e+02 8.64e-02  4e-04  2e-02 738:34.0
   71   3976 1.779829917716149e+01 1.3e+02 9.36e-02  4e-04  2e-02 749:06.9
   72   4032 1.779834435517004e+01 1.7e+02 8.52e-02  4e-04  2e-02 759:38.6
   73   4088 1.779778532305718e+01 2.1e+02 7.25e-02  3e-04  2e-02 770:12.0
   74   4144 1.779658105636749e+01 2.4e+02 7.56e-02  3e-04  2e-02 780:42.8
   75   4200 1.779752861344253e+01 2.8e+02 7.00e-02  3e-04  2e-02 791:16.4
   76   4256 1.779720956409914e+01 3.3e+02 6.06e-02  2e-04  2e-02 801:50.5
   77   4312 1.779711571308703e+01 3.5e+02 5.99e-02  2e-04  2e-02 812:22.9
   78   4368 1.779675372707274e+01 4.0e+02 5.45e-02  2e-04  2e-02 822:58.4
   79   4424 1.779652505327484e+01 4.9e+02 6.01e-02  2e-04  2e-02 833:28.6
   80   4480 1.779582332366224e+01 6.0e+02 6.66e-02  2e-04  3e-02 843:57.3
   81   4536 1.779477846093178e+01 7.1e+02 7.42e-02  3e-04  3e-02 854:27.9
   82   4592 1.779458945457773e+01 7.6e+02 8.54e-02  3e-04  3e-02 865:00.4
   83   4648 1.779538387754026e+01 7.5e+02 8.00e-02  2e-04  3e-02 875:32.1
   84   4704 1.779598509737173e+01 7.3e+02 7.54e-02  2e-04  2e-02 886:03.9
   85   4760 1.779510371840360e+01 6.9e+02 7.21e-02  2e-04  2e-02 896:36.5
   86   4816 1.779427352502237e+01 6.4e+02 6.91e-02  2e-04  2e-02 907:10.4
   87   4872 1.779382860384997e+01 6.5e+02 6.99e-02  2e-04  1e-02 917:45.4
   88   4928 1.779365817546073e+01 6.1e+02 6.06e-02  1e-04  1e-02 928:21.3
   89   4984 1.779376283977354e+01 6.1e+02 6.48e-02  1e-04  1e-02 938:51.7
   90   5040 1.779364282317997e+01 5.6e+02 6.34e-02  1e-04  9e-03 949:26.1
   91   5096 1.779368280468939e+01 5.6e+02 6.34e-02  1e-04  8e-03 959:56.5
   92   5152 1.779319365069455e+01 5.7e+02 6.49e-02  1e-04  8e-03 970:30.3
   93   5208 1.779365207604179e+01 5.4e+02 5.64e-02  1e-04  6e-03 981:04.3
   94   5264 1.779349075657937e+01 4.8e+02 5.62e-02  1e-04  5e-03 991:36.9
   95   5320 1.779313818253037e+01 4.7e+02 5.42e-02  9e-05  5e-03 1002:11.7
   96   5376 1.779341648166600e+01 4.6e+02 4.92e-02  8e-05  4e-03 1012:48.1
   97   5432 1.779309040094483e+01 4.6e+02 4.93e-02  7e-05  4e-03 1023:21.3
   98   5488 1.779314420630602e+01 4.6e+02 4.99e-02  7e-05  3e-03 1033:54.0
   99   5544 1.779295886486241e+01 4.7e+02 4.87e-02  6e-05  3e-03 1044:33.4
  100   5600 1.779303119601512e+01 4.8e+02 4.33e-02  5e-05  2e-03 1055:06.7
  101   5656 1.779289776443538e+01 4.6e+02 4.21e-02  5e-05  2e-03 1065:39.5
  102   5712 1.779289997965600e+01 4.5e+02 3.83e-02  4e-05  2e-03 1076:13.0
  103   5768 1.779285938185460e+01 4.7e+02 3.78e-02  4e-05  2e-03 1086:44.6
  104   5824 1.779280188645455e+01 5.2e+02 3.69e-02  3e-05  2e-03 1097:16.2
  105   5880 1.779286816630014e+01 5.7e+02 3.16e-02  3e-05  1e-03 1107:48.3
  106   5936 1.779281333829299e+01 5.8e+02 3.07e-02  2e-05  1e-03 1118:19.5
  107   5992 1.779279805766043e+01 6.2e+02 2.66e-02  2e-05  1e-03 1128:54.6
  108   6048 1.779278790650334e+01 6.6e+02 2.25e-02  2e-05  8e-04 1139:24.9
  109   6104 1.779279910873523e+01 6.5e+02 2.26e-02  2e-05  9e-04 1149:55.9
  110   6160 1.779275692881021e+01 7.4e+02 2.14e-02  2e-05  8e-04 1160:31.0
  111   6216 1.779276784929058e+01 8.1e+02 1.91e-02  1e-05  7e-04 1171:00.8
  112   6272 1.779274502904708e+01 9.0e+02 1.79e-02  1e-05  6e-04 1181:34.2
  113   6328 1.779276099384818e+01 9.7e+02 1.56e-02  9e-06  5e-04 1192:07.4
  114   6384 1.779274618724378e+01 1.0e+03 1.44e-02  8e-06  5e-04 1202:44.1
  115   6440 1.779274594753932e+01 1.1e+03 1.51e-02  8e-06  5e-04 1213:14.3
  116   6496 1.779274602554153e+01 1.2e+03 1.49e-02  8e-06  5e-04 1223:46.1
  117   6552 1.779274148061771e+01 1.5e+03 1.35e-02  6e-06  5e-04 1234:18.1
  118   6608 1.779273759772688e+01 1.7e+03 1.21e-02  5e-06  5e-04 1244:50.4
  119   6664 1.779273325181645e+01 1.8e+03 1.10e-02  5e-06  4e-04 1255:23.1
  120   6720 1.779273547009522e+01 2.0e+03 1.04e-02  4e-06  4e-04 1265:56.8
  121   6776 1.779273553478145e+01 2.3e+03 1.05e-02  4e-06  4e-04 1276:26.7
  122   6832 1.779273512417531e+01 2.5e+03 9.32e-03  4e-06  3e-04 1286:59.1
  123   6888 1.779273314401511e+01 2.6e+03 9.72e-03  4e-06  4e-04 1297:30.7
  124   6944 1.779273089967791e+01 3.2e+03 7.95e-03  3e-06  3e-04 1308:08.2
  125   7000 1.779273116226707e+01 3.5e+03 7.86e-03  3e-06  3e-04 1318:41.0
  126   7056 1.779273097146261e+01 3.9e+03 8.16e-03  3e-06  3e-04 1329:12.3
  127   7112 1.779273172105032e+01 4.4e+03 7.34e-03  2e-06  3e-04 1339:44.9
  128   7168 1.779273057679697e+01 4.9e+03 6.59e-03  2e-06  3e-04 1350:16.5
  129   7224 1.779272915421816e+01 5.2e+03 6.64e-03  2e-06  3e-04 1360:47.8
  130   7280 1.779273003515206e+01 5.9e+03 5.96e-03  2e-06  2e-04 1371:18.7
  131   7336 1.779272957079228e+01 6.7e+03 5.48e-03  1e-06  2e-04 1381:53.1
  132   7392 1.779272923856988e+01 6.5e+03 5.42e-03  1e-06  2e-04 1392:21.8
  133   7448 1.779272888504925e+01 7.3e+03 5.44e-03  1e-06  2e-04 1402:54.0
  134   7504 1.779272889797974e+01 8.0e+03 5.03e-03  1e-06  2e-04 1413:24.1
  135   7560 1.779272858200820e+01 8.3e+03 5.06e-03  1e-06  2e-04 1423:56.8
  136   7616 1.779272867284643e+01 8.9e+03 5.96e-03  1e-06  2e-04 1434:33.6
  137   7672 1.779272815473096e+01 1.1e+04 6.36e-03  2e-06  2e-04 1445:05.5
termination on timeout=86400
final/bestever f-value = 1.779273e+01 1.779273e+01 after 7672/7665 evaluations
incumbent solution: [0.3477165740858478, 0.20095893273304927, 0.41995399724783283, -1.1852739107598846, 0.1266616788655647, 0.005407614038616711, -0.06549735813154574, -0.04445365643546608]
std deviation: [0.00012695484426609392, 1.5109298664660948e-06, 7.429308878042682e-05, 7.934839530223333e-05, 3.8741536279184424e-05, 3.132462634326124e-05, 0.00023472747980117379, 0.0001870951089246214]
