runid: 21362563
CPUs available: 56
Disorder: None
Disorder size: None
Unoptimised score: 24.09023936898891
(28_w,56)-aCMA-ES (mu_w=15.5,w_1=12%) in dimension 8 (seed=948390, Sat Apr  5 08:52:23 2025)
Iterat Nfevals  function value    axis ratio maxstd  minstd
Iterat #Fevals   function value  axis ratio  sigma  min&max std  t[m:s]
    1     56 2.221136293046305e+01 1.0e+00 4.47e-01  4e-01  4e-01 10:39.1
    2    112 2.084977603826382e+01 1.2e+00 4.33e-01  4e-01  4e-01 21:20.9
    3    168 2.145494544699117e+01 1.4e+00 4.40e-01  3e-01  4e-01 32:01.5
    4    224 2.122031718744745e+01 1.5e+00 4.04e-01  3e-01  4e-01 42:46.6
    5    280 2.105076225379093e+01 1.6e+00 3.67e-01  2e-01  3e-01 53:24.9
    6    336 2.065637281808108e+01 1.6e+00 3.89e-01  2e-01  3e-01 64:08.6
    7    392 2.054819985126478e+01 1.7e+00 3.65e-01  2e-01  3e-01 74:48.4
    8    448 2.052102322980425e+01 1.9e+00 3.46e-01  2e-01  3e-01 85:32.5
    9    504 2.012771513012838e+01 2.0e+00 3.49e-01  2e-01  3e-01 96:15.6
   10    560 2.056145532863849e+01 2.3e+00 3.46e-01  1e-01  3e-01 106:57.5
   11    616 2.017892555506392e+01 2.6e+00 3.13e-01  1e-01  2e-01 117:41.2
   12    672 2.016876778493739e+01 2.7e+00 2.64e-01  8e-02  2e-01 128:22.3
   13    728 2.012700327034980e+01 3.0e+00 2.80e-01  8e-02  2e-01 139:07.0
   14    784 1.931460064535285e+01 3.5e+00 2.92e-01  7e-02  2e-01 149:49.8
   15    840 1.969333102220672e+01 3.8e+00 3.08e-01  7e-02  3e-01 160:31.1
   16    896 1.970523803875549e+01 4.5e+00 2.86e-01  6e-02  2e-01 171:10.9
   17    952 1.946777582587397e+01 5.2e+00 2.70e-01  5e-02  2e-01 181:53.5
   18   1008 1.924376308348499e+01 5.4e+00 2.74e-01  5e-02  2e-01 192:32.4
   19   1064 1.915124605414570e+01 6.6e+00 2.65e-01  5e-02  2e-01 203:15.0
   20   1120 1.907586987296784e+01 7.4e+00 2.73e-01  4e-02  3e-01 213:55.1
   21   1176 1.874125228862956e+01 8.2e+00 3.09e-01  5e-02  3e-01 224:35.8
   22   1232 1.868039249872493e+01 9.7e+00 2.97e-01  4e-02  3e-01 235:17.8
   23   1288 1.889236209599568e+01 1.0e+01 3.06e-01  4e-02  3e-01 246:01.7
   24   1344 1.909361918412312e+01 1.1e+01 3.29e-01  4e-02  3e-01 256:44.3
   25   1400 1.855559302424000e+01 1.1e+01 3.27e-01  3e-02  3e-01 267:24.3
   26   1456 1.873994886965559e+01 1.2e+01 3.20e-01  3e-02  2e-01 278:07.6
   27   1512 1.877265518745995e+01 1.0e+01 3.11e-01  3e-02  2e-01 288:48.4
   28   1568 1.858777956409062e+01 1.1e+01 2.70e-01  2e-02  2e-01 299:28.6
   29   1624 1.839459200434409e+01 9.5e+00 2.57e-01  2e-02  2e-01 310:13.2
   30   1680 1.834470602361916e+01 1.0e+01 2.54e-01  2e-02  2e-01 320:56.8
   31   1736 1.844450783984735e+01 1.1e+01 2.38e-01  2e-02  1e-01 331:37.6
   32   1792 1.844724374981001e+01 1.1e+01 2.42e-01  2e-02  1e-01 342:17.8
   33   1848 1.834449886655169e+01 1.2e+01 2.33e-01  2e-02  1e-01 353:04.2
   34   1904 1.839953895796199e+01 1.2e+01 2.09e-01  1e-02  1e-01 363:48.8
   35   1960 1.833846087295383e+01 1.4e+01 2.06e-01  1e-02  1e-01 374:31.9
   36   2016 1.827153494433761e+01 1.5e+01 1.98e-01  1e-02  1e-01 385:14.1
   37   2072 1.827344198189904e+01 1.6e+01 2.08e-01  1e-02  1e-01 395:54.9
   38   2128 1.819630549529871e+01 1.6e+01 2.03e-01  1e-02  9e-02 406:39.5
   39   2184 1.818948539474117e+01 1.7e+01 1.91e-01  8e-03  8e-02 417:24.8
   40   2240 1.817547737143451e+01 1.7e+01 1.89e-01  8e-03  7e-02 428:04.7
   41   2296 1.806813219421372e+01 1.8e+01 1.68e-01  7e-03  6e-02 438:43.8
   42   2352 1.811860573179379e+01 1.8e+01 1.58e-01  6e-03  5e-02 449:26.7
   43   2408 1.812254752175122e+01 1.6e+01 1.57e-01  6e-03  5e-02 460:14.2
   44   2464 1.807595251250957e+01 1.7e+01 1.49e-01  6e-03  4e-02 470:55.9
   45   2520 1.810503639610601e+01 1.6e+01 1.41e-01  5e-03  4e-02 481:35.2
   46   2576 1.809644411133618e+01 1.5e+01 1.34e-01  4e-03  3e-02 492:16.2
   47   2632 1.807690926736147e+01 1.5e+01 1.34e-01  4e-03  3e-02 502:59.7
   48   2688 1.808358947558920e+01 1.6e+01 1.31e-01  4e-03  3e-02 513:44.0
   49   2744 1.803248690669989e+01 1.7e+01 1.14e-01  3e-03  3e-02 524:26.3
   50   2800 1.803331744285050e+01 1.8e+01 1.23e-01  4e-03  3e-02 535:07.3
   51   2856 1.801491009435233e+01 1.9e+01 1.34e-01  4e-03  3e-02 545:49.9
   52   2912 1.804017239837429e+01 2.0e+01 1.34e-01  4e-03  3e-02 556:30.7
   53   2968 1.798949985153086e+01 2.0e+01 1.71e-01  5e-03  4e-02 567:12.7
   54   3024 1.801499736442130e+01 2.0e+01 2.07e-01  6e-03  5e-02 577:52.6
   55   3080 1.800227579316917e+01 2.1e+01 1.94e-01  5e-03  4e-02 588:32.8
   56   3136 1.797945721697224e+01 1.9e+01 1.90e-01  5e-03  4e-02 599:16.4
   57   3192 1.797194778424725e+01 2.1e+01 1.97e-01  5e-03  5e-02 610:02.4
   58   3248 1.797374809079732e+01 2.2e+01 2.32e-01  6e-03  5e-02 620:42.7
   59   3304 1.799861624071367e+01 2.3e+01 2.16e-01  5e-03  5e-02 631:26.7
   60   3360 1.796311680787663e+01 2.3e+01 1.99e-01  4e-03  4e-02 642:10.5
   61   3416 1.793576838647980e+01 2.3e+01 1.96e-01  4e-03  4e-02 652:52.5
   62   3472 1.792784534639446e+01 2.5e+01 1.82e-01  4e-03  4e-02 663:34.8
   63   3528 1.792962630175546e+01 2.5e+01 1.71e-01  3e-03  3e-02 674:17.0
   64   3584 1.792449250164757e+01 2.6e+01 1.62e-01  3e-03  3e-02 684:59.6
   65   3640 1.791564084264826e+01 2.5e+01 1.70e-01  2e-03  3e-02 695:42.7
   66   3696 1.791136703859177e+01 2.6e+01 1.66e-01  2e-03  3e-02 706:24.6
   67   3752 1.791373257255041e+01 2.4e+01 1.47e-01  2e-03  2e-02 717:04.9
   68   3808 1.791284312565482e+01 2.3e+01 1.37e-01  2e-03  2e-02 727:44.5
   69   3864 1.790576346105892e+01 2.3e+01 1.29e-01  1e-03  2e-02 738:29.5
   70   3920 1.790677709180181e+01 2.3e+01 1.46e-01  1e-03  2e-02 749:11.1
   71   3976 1.790821207152695e+01 2.2e+01 1.52e-01  1e-03  2e-02 759:54.7
   72   4032 1.790795664208865e+01 2.2e+01 1.57e-01  1e-03  2e-02 770:38.9
   73   4088 1.790470271365000e+01 2.3e+01 1.58e-01  1e-03  2e-02 781:21.1
   74   4144 1.790441160387542e+01 2.2e+01 1.63e-01  1e-03  2e-02 792:06.6
   75   4200 1.790412890306401e+01 2.3e+01 1.77e-01  1e-03  2e-02 802:50.3
   76   4256 1.789463602549763e+01 2.4e+01 1.82e-01  1e-03  2e-02 813:32.4
   77   4312 1.789563226079884e+01 2.5e+01 1.92e-01  1e-03  2e-02 824:17.5
   78   4368 1.789774115164730e+01 2.5e+01 1.73e-01  1e-03  2e-02 834:55.3
   79   4424 1.789989351905726e+01 2.7e+01 1.63e-01  9e-04  2e-02 845:40.1
   80   4480 1.789517734311520e+01 2.7e+01 1.71e-01  1e-03  2e-02 856:23.5
   81   4536 1.789369005602311e+01 2.7e+01 1.83e-01  1e-03  2e-02 867:03.4
   82   4592 1.789324169983789e+01 2.6e+01 1.87e-01  1e-03  2e-02 877:46.0
   83   4648 1.789375754657312e+01 2.7e+01 2.27e-01  1e-03  3e-02 888:24.3
   84   4704 1.789058542952146e+01 2.9e+01 2.11e-01  1e-03  2e-02 899:05.6
   85   4760 1.788886354869301e+01 2.9e+01 2.09e-01  1e-03  2e-02 909:45.5
   86   4816 1.788960658328518e+01 3.4e+01 2.58e-01  1e-03  3e-02 920:29.5
   87   4872 1.789052183843864e+01 3.8e+01 2.68e-01  1e-03  3e-02 931:10.4
   88   4928 1.789028200999709e+01 3.9e+01 2.28e-01  9e-04  3e-02 941:50.5
   89   4984 1.789074871797593e+01 4.2e+01 2.26e-01  8e-04  3e-02 952:41.9
   90   5040 1.788845126943812e+01 5.2e+01 2.23e-01  8e-04  3e-02 963:21.8
   91   5096 1.788725318298151e+01 5.7e+01 2.24e-01  7e-04  3e-02 974:07.4
   92   5152 1.788794549919786e+01 7.2e+01 2.11e-01  6e-04  3e-02 984:52.8
   93   5208 1.788813256989425e+01 7.9e+01 2.03e-01  6e-04  3e-02 995:34.9
   94   5264 1.788739973372211e+01 9.1e+01 1.84e-01  5e-04  2e-02 1006:16.3
   95   5320 1.788637350681557e+01 1.0e+02 1.74e-01  5e-04  2e-02 1016:57.5
   96   5376 1.788632165459416e+01 1.1e+02 1.65e-01  4e-04  2e-02 1027:39.2
   97   5432 1.788603589925233e+01 1.2e+02 1.59e-01  4e-04  2e-02 1038:23.0
   98   5488 1.788610538224584e+01 1.4e+02 1.37e-01  3e-04  1e-02 1049:06.7
   99   5544 1.788579676812044e+01 1.5e+02 1.44e-01  3e-04  1e-02 1059:48.5
  100   5600 1.788579125648253e+01 1.8e+02 1.30e-01  3e-04  1e-02 1070:26.3
  101   5656 1.788554700049934e+01 1.9e+02 1.13e-01  2e-04  1e-02 1081:07.5
  102   5712 1.788532225171189e+01 2.1e+02 1.13e-01  2e-04  1e-02 1091:48.4
  103   5768 1.788532647437934e+01 2.2e+02 1.17e-01  2e-04  1e-02 1102:27.6
  104   5824 1.788543876437666e+01 2.4e+02 1.03e-01  2e-04  8e-03 1113:11.9
  105   5880 1.788529751819073e+01 2.5e+02 8.70e-02  1e-04  6e-03 1123:52.5
  106   5936 1.788528935219275e+01 2.6e+02 8.31e-02  1e-04  6e-03 1134:35.3
  107   5992 1.788521869393105e+01 3.0e+02 7.84e-02  1e-04  6e-03 1145:14.4
  108   6048 1.788520126934320e+01 3.3e+02 7.37e-02  1e-04  5e-03 1156:01.0
  109   6104 1.788513393155817e+01 4.0e+02 8.43e-02  1e-04  7e-03 1166:44.8
  110   6160 1.788518009762800e+01 5.2e+02 8.06e-02  1e-04  7e-03 1177:30.6
  111   6216 1.788515421703713e+01 5.6e+02 8.30e-02  1e-04  7e-03 1188:10.8
  112   6272 1.788515293517927e+01 7.0e+02 8.30e-02  9e-05  7e-03 1198:52.8
  113   6328 1.788513546169431e+01 7.7e+02 7.45e-02  8e-05  6e-03 1209:39.5
  114   6384 1.788510610878311e+01 7.6e+02 6.68e-02  7e-05  5e-03 1220:21.6
  115   6440 1.788511579878464e+01 7.8e+02 5.89e-02  6e-05  4e-03 1231:03.7
  116   6496 1.788508153374971e+01 8.7e+02 6.21e-02  6e-05  4e-03 1241:44.8
  117   6552 1.788508490943570e+01 9.8e+02 6.11e-02  6e-05  4e-03 1252:24.0
  118   6608 1.788507989477383e+01 1.0e+03 7.04e-02  7e-05  4e-03 1263:07.5
  119   6664 1.788507544867489e+01 1.1e+03 6.66e-02  6e-05  4e-03 1273:51.7
  120   6720 1.788506556760272e+01 1.2e+03 5.62e-02  5e-05  3e-03 1284:34.3
  121   6776 1.788506111962180e+01 1.2e+03 5.69e-02  4e-05  3e-03 1295:14.6
  122   6832 1.788506366827974e+01 1.3e+03 5.74e-02  4e-05  3e-03 1305:60.0
  123   6888 1.788504720889617e+01 1.4e+03 5.78e-02  4e-05  2e-03 1316:40.7
  124   6944 1.788505840242922e+01 1.3e+03 5.21e-02  3e-05  2e-03 1327:21.5
  125   7000 1.788505032361345e+01 1.4e+03 4.82e-02  3e-05  2e-03 1338:07.9
  126   7056 1.788505697602745e+01 1.4e+03 4.94e-02  3e-05  2e-03 1348:47.5
  127   7112 1.788505036372232e+01 1.5e+03 4.57e-02  3e-05  1e-03 1359:26.1
  128   7168 1.788505304051182e+01 1.5e+03 4.55e-02  2e-05  1e-03 1370:08.8
  129   7224 1.788504652383383e+01 1.6e+03 4.69e-02  2e-05  1e-03 1380:52.9
  130   7280 1.788503960731541e+01 1.9e+03 5.38e-02  3e-05  2e-03 1391:36.1
  131   7336 1.788504292499212e+01 2.0e+03 5.37e-02  3e-05  1e-03 1402:22.9
  132   7392 1.788504159800913e+01 2.0e+03 4.89e-02  2e-05  1e-03 1413:04.0
  133   7448 1.788503975631343e+01 2.1e+03 4.51e-02  2e-05  1e-03 1423:46.8
  134   7504 1.788503871127600e+01 2.3e+03 4.35e-02  2e-05  1e-03 1434:27.6
  135   7560 1.788503797800749e+01 2.5e+03 4.54e-02  2e-05  1e-03 1445:12.9
termination on timeout=86400
final/bestever f-value = 1.788504e+01 1.788504e+01 after 7560/7556 evaluations
incumbent solution: [0.8805085146758628, 0.22243766522264088, -0.09263722997435048, 0.952305121222399, 0.31754394423032334, 0.0019972434777183546, 0.045725857830317865, -0.024451930719736642]
std deviation: [0.00013788967470843315, 1.717476663736859e-05, 0.00011627140785943274, 9.708045565718389e-05, 7.232570891855045e-05, 6.604493929983855e-05, 0.0012309548837734447, 0.0006394974005303947]
