runid: 21342433
CPUs available: 56
Disorder: (0.0005, 20)
Disorder size: 20
Unoptimised score: 23.859797049631403
(28_w,56)-aCMA-ES (mu_w=15.5,w_1=12%) in dimension 8 (seed=367173, Sat Mar 29 13:18:41 2025)
Iterat Nfevals  function value    axis ratio maxstd  minstd
Iterat #Fevals   function value  axis ratio  sigma  min&max std  t[m:s]
    1     56 2.320729911983568e+01 1.0e+00 4.53e-01  4e-01  4e-01 10:42.6
    2    112 2.261738622132731e+01 1.2e+00 4.30e-01  4e-01  4e-01 21:26.3
    3    168 2.267615023571121e+01 1.3e+00 4.00e-01  3e-01  4e-01 32:08.7
    4    224 2.206472925637061e+01 1.4e+00 3.62e-01  3e-01  3e-01 42:49.2
    5    280 2.182686940747011e+01 1.6e+00 3.10e-01  2e-01  3e-01 53:32.7
    6    336 2.120541352813001e+01 1.8e+00 3.13e-01  2e-01  3e-01 64:15.4
    7    392 2.100777188418544e+01 2.0e+00 3.39e-01  2e-01  3e-01 74:57.9
    8    448 2.156307895551964e+01 2.4e+00 3.85e-01  2e-01  4e-01 85:38.2
    9    504 2.127267545242475e+01 2.8e+00 4.05e-01  2e-01  4e-01 96:22.3
   10    560 2.109739460286889e+01 3.2e+00 3.85e-01  2e-01  4e-01 106:59.6
   11    616 2.105499524254946e+01 3.3e+00 3.23e-01  1e-01  3e-01 117:40.9
   12    672 2.097413747604662e+01 3.7e+00 3.19e-01  1e-01  3e-01 128:25.9
   13    728 2.086275939552553e+01 4.2e+00 3.15e-01  1e-01  3e-01 139:12.8
   14    784 2.049164637896506e+01 4.3e+00 2.88e-01  1e-01  2e-01 149:54.0
   15    840 2.029033156125619e+01 4.4e+00 2.46e-01  8e-02  2e-01 160:35.5
   16    896 2.054166802722734e+01 4.9e+00 2.50e-01  8e-02  2e-01 171:16.3
   17    952 1.999748041353732e+01 5.7e+00 2.50e-01  7e-02  2e-01 181:59.2
   18   1008 2.024108931035126e+01 6.2e+00 2.63e-01  7e-02  2e-01 192:40.3
   19   1064 2.006974745787039e+01 7.4e+00 2.72e-01  6e-02  2e-01 203:23.8
   20   1120 1.985006976761325e+01 8.2e+00 2.74e-01  5e-02  2e-01 214:07.8
   21   1176 1.999973267033178e+01 8.9e+00 2.59e-01  5e-02  2e-01 224:53.8
   22   1232 2.000941482729776e+01 9.0e+00 2.28e-01  4e-02  2e-01 235:33.8
   23   1288 2.001883181605562e+01 1.0e+01 2.17e-01  4e-02  2e-01 246:18.6
   24   1344 1.988114248975942e+01 1.1e+01 2.13e-01  4e-02  2e-01 257:00.8
   25   1400 1.982181607976384e+01 1.4e+01 2.05e-01  4e-02  2e-01 267:47.5
   26   1456 1.987413855211367e+01 1.6e+01 2.03e-01  3e-02  2e-01 278:28.9
   27   1512 1.977278205940774e+01 1.8e+01 2.12e-01  3e-02  2e-01 289:14.2
   28   1568 1.974428475411282e+01 2.0e+01 2.15e-01  3e-02  2e-01 299:54.4
   29   1624 1.965792322593340e+01 2.1e+01 2.08e-01  3e-02  2e-01 310:35.5
   30   1680 1.969049741584167e+01 2.4e+01 2.19e-01  3e-02  2e-01 321:18.0
   31   1736 1.974253061446309e+01 2.5e+01 2.03e-01  3e-02  2e-01 331:57.9
   32   1792 1.969505251952094e+01 2.8e+01 2.02e-01  2e-02  2e-01 342:39.7
   33   1848 1.970427788613415e+01 2.8e+01 2.04e-01  2e-02  2e-01 353:19.7
   34   1904 1.980212508993172e+01 2.7e+01 2.00e-01  2e-02  2e-01 364:04.3
   35   1960 1.972227395793110e+01 2.6e+01 1.92e-01  2e-02  2e-01 374:48.9
   36   2016 1.961835891388560e+01 2.7e+01 1.75e-01  2e-02  1e-01 385:33.5
   37   2072 1.967371757418935e+01 2.9e+01 1.80e-01  2e-02  1e-01 396:13.6
   38   2128 1.963401940864858e+01 2.5e+01 1.68e-01  1e-02  1e-01 406:56.6
   39   2184 1.960051270938957e+01 2.3e+01 1.54e-01  1e-02  8e-02 417:36.3
   40   2240 1.959585812109844e+01 2.1e+01 1.32e-01  1e-02  6e-02 428:21.4
   41   2296 1.954868333606534e+01 2.1e+01 1.14e-01  8e-03  5e-02 439:06.8
   42   2352 1.952439492473615e+01 2.1e+01 1.14e-01  7e-03  5e-02 449:49.5
   43   2408 1.951897256526274e+01 2.2e+01 1.23e-01  8e-03  5e-02 460:29.9
   44   2464 1.953556569663647e+01 2.0e+01 1.20e-01  8e-03  5e-02 471:12.5
   45   2520 1.950992672848269e+01 2.0e+01 1.21e-01  7e-03  5e-02 481:52.1
   46   2576 1.950983888302396e+01 2.0e+01 1.09e-01  6e-03  4e-02 492:37.5
   47   2632 1.948585448946491e+01 2.0e+01 1.26e-01  7e-03  4e-02 503:19.8
   48   2688 1.949606615792644e+01 2.2e+01 1.29e-01  7e-03  4e-02 514:03.4
   49   2744 1.946870150524479e+01 2.0e+01 1.21e-01  6e-03  4e-02 524:42.4
   50   2800 1.946970350169007e+01 2.0e+01 1.10e-01  5e-03  3e-02 535:24.8
   51   2856 1.944904800859400e+01 2.0e+01 1.06e-01  4e-03  3e-02 546:07.7
   52   2912 1.944818502166154e+01 2.0e+01 1.14e-01  5e-03  3e-02 556:46.7
   53   2968 1.941053769594813e+01 2.2e+01 1.12e-01  4e-03  3e-02 567:33.8
   54   3024 1.943542881252781e+01 2.3e+01 1.02e-01  3e-03  3e-02 578:18.1
   55   3080 1.940958656922068e+01 2.5e+01 9.84e-02  3e-03  3e-02 589:01.3
   56   3136 1.942282389578418e+01 2.7e+01 1.02e-01  3e-03  3e-02 599:46.0
   57   3192 1.940472294172112e+01 2.9e+01 9.42e-02  3e-03  2e-02 610:29.0
   58   3248 1.940122735677990e+01 3.3e+01 9.81e-02  3e-03  3e-02 621:13.9
   59   3304 1.941062072074681e+01 3.5e+01 8.59e-02  2e-03  2e-02 631:57.8
   60   3360 1.939932424175606e+01 3.8e+01 8.07e-02  2e-03  2e-02 642:40.1
   61   3416 1.939857033782562e+01 4.6e+01 7.78e-02  2e-03  2e-02 653:23.3
   62   3472 1.939682429474034e+01 4.8e+01 6.87e-02  2e-03  1e-02 664:05.1
   63   3528 1.937910027717740e+01 4.9e+01 7.09e-02  2e-03  1e-02 674:46.9
   64   3584 1.938926169234009e+01 5.4e+01 6.86e-02  1e-03  1e-02 685:31.2
   65   3640 1.938668580455644e+01 6.1e+01 7.57e-02  2e-03  1e-02 696:15.2
   66   3696 1.938419646062470e+01 7.0e+01 7.57e-02  1e-03  1e-02 706:56.4
   67   3752 1.937934924957446e+01 7.8e+01 7.51e-02  1e-03  1e-02 717:38.5
   68   3808 1.938299186800100e+01 8.7e+01 7.44e-02  1e-03  1e-02 728:17.3
   69   3864 1.937833512451994e+01 9.0e+01 6.29e-02  1e-03  1e-02 739:01.2
   70   3920 1.937480856866555e+01 9.0e+01 5.32e-02  7e-04  8e-03 749:49.3
   71   3976 1.937576826668721e+01 8.9e+01 5.40e-02  7e-04  7e-03 760:31.9
   72   4032 1.937327714468855e+01 9.6e+01 4.94e-02  6e-04  6e-03 771:13.5
   73   4088 1.937224088604559e+01 1.0e+02 5.01e-02  6e-04  7e-03 781:56.5
   74   4144 1.937434009214943e+01 1.2e+02 4.59e-02  6e-04  6e-03 792:38.5
   75   4200 1.937128572373568e+01 1.3e+02 5.00e-02  6e-04  6e-03 803:22.3
   76   4256 1.937051929090286e+01 1.4e+02 5.09e-02  6e-04  6e-03 814:06.7
   77   4312 1.937177813388546e+01 1.5e+02 4.72e-02  5e-04  6e-03 824:53.9
   78   4368 1.937108737250857e+01 1.7e+02 4.52e-02  5e-04  5e-03 835:39.2
   79   4424 1.937125123851218e+01 1.9e+02 4.33e-02  4e-04  5e-03 846:21.9
   80   4480 1.936972748509464e+01 2.1e+02 3.86e-02  4e-04  4e-03 857:05.6
   81   4536 1.936974571401694e+01 2.3e+02 3.87e-02  4e-04  4e-03 867:51.4
   82   4592 1.936976138763345e+01 2.6e+02 3.57e-02  3e-04  4e-03 878:33.3
   83   4648 1.936952035013031e+01 2.7e+02 3.95e-02  3e-04  4e-03 889:13.3
   84   4704 1.936917306964728e+01 2.8e+02 3.72e-02  3e-04  4e-03 899:56.6
   85   4760 1.936888706708851e+01 3.2e+02 3.66e-02  3e-04  3e-03 910:40.9
   86   4816 1.936899074846835e+01 3.3e+02 3.41e-02  2e-04  3e-03 921:21.3
   87   4872 1.936862445272683e+01 3.5e+02 3.26e-02  2e-04  3e-03 932:05.6
   88   4928 1.936860546071972e+01 3.5e+02 3.25e-02  2e-04  3e-03 942:51.6
   89   4984 1.936872859574450e+01 3.8e+02 3.20e-02  2e-04  3e-03 953:35.9
   90   5040 1.936837972006190e+01 4.1e+02 2.96e-02  2e-04  2e-03 964:19.0
   91   5096 1.936839543701365e+01 4.4e+02 2.72e-02  2e-04  2e-03 974:58.4
   92   5152 1.936836270964921e+01 4.5e+02 2.62e-02  2e-04  2e-03 985:43.3
   93   5208 1.936822023410101e+01 4.5e+02 2.68e-02  2e-04  2e-03 996:24.2
   94   5264 1.936799101854157e+01 5.6e+02 2.82e-02  2e-04  2e-03 1007:02.6
   95   5320 1.936808653183908e+01 5.8e+02 2.67e-02  1e-04  2e-03 1017:43.8
   96   5376 1.936800695987588e+01 6.1e+02 2.60e-02  1e-04  2e-03 1028:24.7
   97   5432 1.936792446267269e+01 6.3e+02 2.35e-02  1e-04  1e-03 1039:09.0
   98   5488 1.936781695132083e+01 6.2e+02 2.37e-02  1e-04  1e-03 1049:55.4
   99   5544 1.936785853390522e+01 6.5e+02 2.18e-02  9e-05  1e-03 1060:33.7
  100   5600 1.936777661976711e+01 6.2e+02 2.17e-02  8e-05  1e-03 1071:16.1
  101   5656 1.936775499315182e+01 6.5e+02 2.28e-02  8e-05  1e-03 1081:54.7
  102   5712 1.936783528719167e+01 6.8e+02 2.36e-02  8e-05  1e-03 1092:39.7
  103   5768 1.936779773256128e+01 7.4e+02 2.42e-02  7e-05  1e-03 1103:22.7
  104   5824 1.936772823422622e+01 7.5e+02 2.14e-02  6e-05  9e-04 1114:06.8
  105   5880 1.936768258871185e+01 7.8e+02 1.97e-02  5e-05  7e-04 1124:50.9
  106   5936 1.936768492104101e+01 7.3e+02 1.83e-02  4e-05  7e-04 1135:30.6
  107   5992 1.936770528229301e+01 7.9e+02 1.89e-02  4e-05  7e-04 1146:11.2
  108   6048 1.936761549932716e+01 8.8e+02 1.75e-02  4e-05  6e-04 1156:51.6
  109   6104 1.936766600634555e+01 9.3e+02 1.67e-02  3e-05  6e-04 1167:36.1
  110   6160 1.936766026601497e+01 1.0e+03 1.86e-02  4e-05  6e-04 1178:19.1
  111   6216 1.936760581363295e+01 1.0e+03 1.87e-02  4e-05  6e-04 1188:59.2
  112   6272 1.936758915884005e+01 1.1e+03 1.82e-02  4e-05  5e-04 1199:38.4
  113   6328 1.936757667331848e+01 1.1e+03 1.60e-02  3e-05  4e-04 1210:19.7
  114   6384 1.936757861772990e+01 1.0e+03 1.56e-02  3e-05  4e-04 1221:00.9
  115   6440 1.936757025767173e+01 1.2e+03 1.37e-02  2e-05  4e-04 1231:42.2
  116   6496 1.936756876806396e+01 1.1e+03 1.23e-02  2e-05  3e-04 1242:23.1
  117   6552 1.936755014051621e+01 1.1e+03 1.33e-02  2e-05  3e-04 1253:07.9
  118   6608 1.936753531541440e+01 1.2e+03 1.22e-02  2e-05  3e-04 1263:47.8
  119   6664 1.936751996673400e+01 1.2e+03 1.14e-02  1e-05  3e-04 1274:28.1
  120   6720 1.936752714692468e+01 1.2e+03 1.12e-02  1e-05  3e-04 1285:09.5
  121   6776 1.936752610100792e+01 1.4e+03 9.85e-03  1e-05  2e-04 1295:53.9
  122   6832 1.936753293424809e+01 1.4e+03 9.93e-03  1e-05  2e-04 1306:37.8
  123   6888 1.936751764464034e+01 1.5e+03 9.46e-03  9e-06  2e-04 1317:22.3
  124   6944 1.936750749629816e+01 1.5e+03 1.06e-02  1e-05  2e-04 1328:05.9
  125   7000 1.936751433488116e+01 1.5e+03 1.09e-02  1e-05  2e-04 1338:50.0
  126   7056 1.936750988900229e+01 1.5e+03 1.01e-02  9e-06  2e-04 1349:34.8
  127   7112 1.936750778187357e+01 1.6e+03 9.55e-03  8e-06  2e-04 1360:16.4
  128   7168 1.936750243408011e+01 1.6e+03 9.36e-03  8e-06  2e-04 1370:59.6
  129   7224 1.936749952628350e+01 1.7e+03 8.82e-03  7e-06  1e-04 1381:43.6
  130   7280 1.936749873232502e+01 1.7e+03 8.98e-03  6e-06  1e-04 1392:26.4
  131   7336 1.936749895536634e+01 1.9e+03 7.96e-03  5e-06  1e-04 1403:06.3
  132   7392 1.936750073977337e+01 1.9e+03 6.73e-03  4e-06  1e-04 1413:48.6
  133   7448 1.936749857081702e+01 2.1e+03 6.93e-03  4e-06  1e-04 1424:32.1
  134   7504 1.936749859694536e+01 2.3e+03 7.08e-03  4e-06  1e-04 1435:17.0
  135   7560 1.936749687864132e+01 2.5e+03 6.82e-03  4e-06  1e-04 1445:57.4
termination on timeout=86400
final/bestever f-value = 1.936750e+01 1.936750e+01 after 7560/7556 evaluations
incumbent solution: [0.9262627490196337, -0.09272160699746125, -0.023228315878335144, -0.04035064571577975, -0.7821510229516128, -0.15334049859591173, 0.1299124580247299, -0.3857148321178468]
std deviation: [2.3037350603893546e-05, 3.678151256669614e-06, 5.6864190079094896e-05, 7.21210166187218e-05, 0.00010334521978158812, 6.308842197956079e-06, 3.307447865627227e-05, 6.959552356901051e-05]
